This is pdfTeX, Version 3.14159265-2.6-1.40.15 (TeX Live 2014) (preloaded format=pdflatex 2014.10.19)  27 NOV 2014 21:00
entering extended mode
 restricted \write18 enabled.
 %&-line parsing enabled.
**master.tex
(./master.tex
LaTeX2e <2014/05/01>
Babel <3.9k> and hyphenation patterns for 78 languages loaded.
(/usr/local/texlive/2014/texmf-dist/tex/latex/beamer/beamer.cls
(/usr/local/texlive/2014/texmf-dist/tex/latex/beamer/beamerbasercs.sty
Package: beamerbasercs 2013/12/25 (rcs-revision 31cc758a62ae)
)
Document Class: beamer 2013/12/02 3.33 A class for typesetting presentations (r
cs-revision 332bfd3ce558)
(/usr/local/texlive/2014/texmf-dist/tex/latex/beamer/beamerbasemodes.sty
Package: beamerbasemodes 2013/09/03 (rcs-revision 768f2d98ca64)
\beamer@tempbox=\box26
\beamer@tempcount=\count79
\c@beamerpauses=\count80

(/usr/local/texlive/2014/texmf-dist/tex/latex/beamer/beamerbasedecode.sty
Package: beamerbasedecode 2010/05/01 (rcs-revision efa082c6111d)
\beamer@slideinframe=\count81
\beamer@minimum=\count82
)
\beamer@commentbox=\box27
\beamer@modecount=\count83
)
(/usr/local/texlive/2014/texmf-dist/tex/generic/oberdiek/ifpdf.sty
Package: ifpdf 2011/01/30 v2.3 Provides the ifpdf switch (HO)
Package ifpdf Info: pdfTeX in PDF mode is detected.
)
\headheight=\dimen102
\headdp=\dimen103
\footheight=\dimen104
\sidebarheight=\dimen105
\beamer@tempdim=\dimen106
\beamer@finalheight=\dimen107
\beamer@animht=\dimen108
\beamer@animdp=\dimen109
\beamer@animwd=\dimen110
\beamer@leftmargin=\dimen111
\beamer@rightmargin=\dimen112
\beamer@leftsidebar=\dimen113
\beamer@rightsidebar=\dimen114
\beamer@boxsize=\dimen115
\beamer@vboxoffset=\dimen116
\beamer@descdefault=\dimen117
\beamer@descriptionwidth=\dimen118
\beamer@lastskip=\skip41
\beamer@areabox=\box28
\beamer@animcurrent=\box29
\beamer@animshowbox=\box30
\beamer@sectionbox=\box31
\beamer@logobox=\box32
\beamer@linebox=\box33
\beamer@sectioncount=\count84
\beamer@subsubsectionmax=\count85
\beamer@subsectionmax=\count86
\beamer@sectionmax=\count87
\beamer@totalheads=\count88
\beamer@headcounter=\count89
\beamer@partstartpage=\count90
\beamer@sectionstartpage=\count91
\beamer@subsectionstartpage=\count92
\beamer@animationtempa=\count93
\beamer@animationtempb=\count94
\beamer@xpos=\count95
\beamer@ypos=\count96
\beamer@showpartnumber=\count97
\beamer@currentsubsection=\count98
\beamer@coveringdepth=\count99
\beamer@sectionadjust=\count100
\beamer@tocsectionnumber=\count101

(/usr/local/texlive/2014/texmf-dist/tex/latex/beamer/beamerbaseoptions.sty
Package: beamerbaseoptions 2013/03/10 (rcs-revision 47431932db0d)

(/usr/local/texlive/2014/texmf-dist/tex/latex/graphics/keyval.sty
Package: keyval 2014/05/08 v1.15 key=value parser (DPC)
\KV@toks@=\toks14
))
\beamer@paperwidth=\skip42
\beamer@paperheight=\skip43

(/usr/local/texlive/2014/texmf-dist/tex/latex/geometry/geometry.sty
Package: geometry 2010/09/12 v5.6 Page Geometry

(/usr/local/texlive/2014/texmf-dist/tex/generic/oberdiek/ifvtex.sty
Package: ifvtex 2010/03/01 v1.5 Detect VTeX and its facilities (HO)
Package ifvtex Info: VTeX not detected.
)
(/usr/local/texlive/2014/texmf-dist/tex/generic/ifxetex/ifxetex.sty
Package: ifxetex 2010/09/12 v0.6 Provides ifxetex conditional
)
\Gm@cnth=\count102
\Gm@cntv=\count103
\c@Gm@tempcnt=\count104
\Gm@bindingoffset=\dimen119
\Gm@wd@mp=\dimen120
\Gm@odd@mp=\dimen121
\Gm@even@mp=\dimen122
\Gm@layoutwidth=\dimen123
\Gm@layoutheight=\dimen124
\Gm@layouthoffset=\dimen125
\Gm@layoutvoffset=\dimen126
\Gm@dimlist=\toks15
)
(/usr/local/texlive/2014/texmf-dist/tex/latex/extsizes/size9.clo
File: size9.clo 1999/11/11 v1.4a NON-Standard LaTeX file (size option)
)
(/usr/local/texlive/2014/texmf-dist/tex/latex/pgf/basiclayer/pgfcore.sty
(/usr/local/texlive/2014/texmf-dist/tex/latex/graphics/graphicx.sty
Package: graphicx 2014/04/25 v1.0g Enhanced LaTeX Graphics (DPC,SPQR)

(/usr/local/texlive/2014/texmf-dist/tex/latex/graphics/graphics.sty
Package: graphics 2009/02/05 v1.0o Standard LaTeX Graphics (DPC,SPQR)

(/usr/local/texlive/2014/texmf-dist/tex/latex/graphics/trig.sty
Package: trig 1999/03/16 v1.09 sin cos tan (DPC)
)
(/usr/local/texlive/2014/texmf-dist/tex/latex/latexconfig/graphics.cfg
File: graphics.cfg 2010/04/23 v1.9 graphics configuration of TeX Live
)
Package graphics Info: Driver file: pdftex.def on input line 91.

(/usr/local/texlive/2014/texmf-dist/tex/latex/pdftex-def/pdftex.def
File: pdftex.def 2011/05/27 v0.06d Graphics/color for pdfTeX

(/usr/local/texlive/2014/texmf-dist/tex/generic/oberdiek/infwarerr.sty
Package: infwarerr 2010/04/08 v1.3 Providing info/warning/error messages (HO)
)
(/usr/local/texlive/2014/texmf-dist/tex/generic/oberdiek/ltxcmds.sty
Package: ltxcmds 2011/11/09 v1.22 LaTeX kernel commands for general use (HO)
)
\Gread@gobject=\count105
))
\Gin@req@height=\dimen127
\Gin@req@width=\dimen128
)
(/usr/local/texlive/2014/texmf-dist/tex/latex/pgf/systemlayer/pgfsys.sty
(/usr/local/texlive/2014/texmf-dist/tex/latex/pgf/utilities/pgfrcs.sty
(/usr/local/texlive/2014/texmf-dist/tex/generic/pgf/utilities/pgfutil-common.te
x
\pgfutil@everybye=\toks16
\pgfutil@tempdima=\dimen129
\pgfutil@tempdimb=\dimen130

(/usr/local/texlive/2014/texmf-dist/tex/generic/pgf/utilities/pgfutil-common-li
sts.tex))
(/usr/local/texlive/2014/texmf-dist/tex/generic/pgf/utilities/pgfutil-latex.def
\pgfutil@abb=\box34
(/usr/local/texlive/2014/texmf-dist/tex/latex/ms/everyshi.sty
Package: everyshi 2001/05/15 v3.00 EveryShipout Package (MS)
))
(/usr/local/texlive/2014/texmf-dist/tex/generic/pgf/utilities/pgfrcs.code.tex
Package: pgfrcs 2013/12/20 v3.0.0 (rcs-revision 1.28)
))
(/usr/local/texlive/2014/texmf-dist/tex/generic/pgf/systemlayer/pgfsys.code.tex
Package: pgfsys 2013/11/30 v3.0.0 (rcs-revision 1.47)
(/usr/local/texlive/2014/texmf-dist/tex/generic/pgf/utilities/pgfkeys.code.tex
\pgfkeys@pathtoks=\toks17
\pgfkeys@temptoks=\toks18

(/usr/local/texlive/2014/texmf-dist/tex/generic/pgf/utilities/pgfkeysfiltered.c
ode.tex
\pgfkeys@tmptoks=\toks19
))
\pgf@x=\dimen131
\pgf@y=\dimen132
\pgf@xa=\dimen133
\pgf@ya=\dimen134
\pgf@xb=\dimen135
\pgf@yb=\dimen136
\pgf@xc=\dimen137
\pgf@yc=\dimen138
\w@pgf@writea=\write3
\r@pgf@reada=\read1
\c@pgf@counta=\count106
\c@pgf@countb=\count107
\c@pgf@countc=\count108
\c@pgf@countd=\count109
\t@pgf@toka=\toks20
\t@pgf@tokb=\toks21
\t@pgf@tokc=\toks22

(/usr/local/texlive/2014/texmf-dist/tex/generic/pgf/systemlayer/pgf.cfg
File: pgf.cfg 2008/05/14  (rcs-revision 1.7)
)
Driver file for pgf: pgfsys-pdftex.def

(/usr/local/texlive/2014/texmf-dist/tex/generic/pgf/systemlayer/pgfsys-pdftex.d
ef
File: pgfsys-pdftex.def 2013/07/18  (rcs-revision 1.33)

(/usr/local/texlive/2014/texmf-dist/tex/generic/pgf/systemlayer/pgfsys-common-p
df.def
File: pgfsys-common-pdf.def 2013/10/10  (rcs-revision 1.13)
)))
(/usr/local/texlive/2014/texmf-dist/tex/generic/pgf/systemlayer/pgfsyssoftpath.
code.tex
File: pgfsyssoftpath.code.tex 2013/09/09  (rcs-revision 1.9)
\pgfsyssoftpath@smallbuffer@items=\count110
\pgfsyssoftpath@bigbuffer@items=\count111
)
(/usr/local/texlive/2014/texmf-dist/tex/generic/pgf/systemlayer/pgfsysprotocol.
code.tex
File: pgfsysprotocol.code.tex 2006/10/16  (rcs-revision 1.4)
)) (/usr/local/texlive/2014/texmf-dist/tex/latex/xcolor/xcolor.sty
Package: xcolor 2007/01/21 v2.11 LaTeX color extensions (UK)

(/usr/local/texlive/2014/texmf-dist/tex/latex/latexconfig/color.cfg
File: color.cfg 2007/01/18 v1.5 color configuration of teTeX/TeXLive
)
Package xcolor Info: Driver file: pdftex.def on input line 225.
Package xcolor Info: Model `cmy' substituted by `cmy0' on input line 1337.
Package xcolor Info: Model `hsb' substituted by `rgb' on input line 1341.
Package xcolor Info: Model `RGB' extended on input line 1353.
Package xcolor Info: Model `HTML' substituted by `rgb' on input line 1355.
Package xcolor Info: Model `Hsb' substituted by `hsb' on input line 1356.
Package xcolor Info: Model `tHsb' substituted by `hsb' on input line 1357.
Package xcolor Info: Model `HSB' substituted by `hsb' on input line 1358.
Package xcolor Info: Model `Gray' substituted by `gray' on input line 1359.
Package xcolor Info: Model `wave' substituted by `hsb' on input line 1360.
)
(/usr/local/texlive/2014/texmf-dist/tex/generic/pgf/basiclayer/pgfcore.code.tex
Package: pgfcore 2010/04/11 v3.0.0 (rcs-revision 1.7)
(/usr/local/texlive/2014/texmf-dist/tex/generic/pgf/math/pgfmath.code.tex
(/usr/local/texlive/2014/texmf-dist/tex/generic/pgf/math/pgfmathcalc.code.tex
(/usr/local/texlive/2014/texmf-dist/tex/generic/pgf/math/pgfmathutil.code.tex)
(/usr/local/texlive/2014/texmf-dist/tex/generic/pgf/math/pgfmathparser.code.tex
\pgfmath@dimen=\dimen139
\pgfmath@count=\count112
\pgfmath@box=\box35
\pgfmath@toks=\toks23
\pgfmath@stack@operand=\toks24
\pgfmath@stack@operation=\toks25
)
(/usr/local/texlive/2014/texmf-dist/tex/generic/pgf/math/pgfmathfunctions.code.
tex
(/usr/local/texlive/2014/texmf-dist/tex/generic/pgf/math/pgfmathfunctions.basic
.code.tex)
(/usr/local/texlive/2014/texmf-dist/tex/generic/pgf/math/pgfmathfunctions.trigo
nometric.code.tex)
(/usr/local/texlive/2014/texmf-dist/tex/generic/pgf/math/pgfmathfunctions.rando
m.code.tex)
(/usr/local/texlive/2014/texmf-dist/tex/generic/pgf/math/pgfmathfunctions.compa
rison.code.tex)
(/usr/local/texlive/2014/texmf-dist/tex/generic/pgf/math/pgfmathfunctions.base.
code.tex)
(/usr/local/texlive/2014/texmf-dist/tex/generic/pgf/math/pgfmathfunctions.round
.code.tex)
(/usr/local/texlive/2014/texmf-dist/tex/generic/pgf/math/pgfmathfunctions.misc.
code.tex)
(/usr/local/texlive/2014/texmf-dist/tex/generic/pgf/math/pgfmathfunctions.integ
erarithmetics.code.tex)))
(/usr/local/texlive/2014/texmf-dist/tex/generic/pgf/math/pgfmathfloat.code.tex
\c@pgfmathroundto@lastzeros=\count113
))
(/usr/local/texlive/2014/texmf-dist/tex/generic/pgf/basiclayer/pgfcorepoints.co
de.tex
File: pgfcorepoints.code.tex 2013/10/07  (rcs-revision 1.27)
\pgf@picminx=\dimen140
\pgf@picmaxx=\dimen141
\pgf@picminy=\dimen142
\pgf@picmaxy=\dimen143
\pgf@pathminx=\dimen144
\pgf@pathmaxx=\dimen145
\pgf@pathminy=\dimen146
\pgf@pathmaxy=\dimen147
\pgf@xx=\dimen148
\pgf@xy=\dimen149
\pgf@yx=\dimen150
\pgf@yy=\dimen151
\pgf@zx=\dimen152
\pgf@zy=\dimen153
)
(/usr/local/texlive/2014/texmf-dist/tex/generic/pgf/basiclayer/pgfcorepathconst
ruct.code.tex
File: pgfcorepathconstruct.code.tex 2013/10/07  (rcs-revision 1.29)
\pgf@path@lastx=\dimen154
\pgf@path@lasty=\dimen155
)
(/usr/local/texlive/2014/texmf-dist/tex/generic/pgf/basiclayer/pgfcorepathusage
.code.tex
File: pgfcorepathusage.code.tex 2013/12/13  (rcs-revision 1.23)
\pgf@shorten@end@additional=\dimen156
\pgf@shorten@start@additional=\dimen157
)
(/usr/local/texlive/2014/texmf-dist/tex/generic/pgf/basiclayer/pgfcorescopes.co
de.tex
File: pgfcorescopes.code.tex 2013/10/09  (rcs-revision 1.44)
\pgfpic=\box36
\pgf@hbox=\box37
\pgf@layerbox@main=\box38
\pgf@picture@serial@count=\count114
)
(/usr/local/texlive/2014/texmf-dist/tex/generic/pgf/basiclayer/pgfcoregraphicst
ate.code.tex
File: pgfcoregraphicstate.code.tex 2013/09/19  (rcs-revision 1.11)
\pgflinewidth=\dimen158
)
(/usr/local/texlive/2014/texmf-dist/tex/generic/pgf/basiclayer/pgfcoretransform
ations.code.tex
File: pgfcoretransformations.code.tex 2013/10/10  (rcs-revision 1.17)
\pgf@pt@x=\dimen159
\pgf@pt@y=\dimen160
\pgf@pt@temp=\dimen161
)
(/usr/local/texlive/2014/texmf-dist/tex/generic/pgf/basiclayer/pgfcorequick.cod
e.tex
File: pgfcorequick.code.tex 2008/10/09  (rcs-revision 1.3)
)
(/usr/local/texlive/2014/texmf-dist/tex/generic/pgf/basiclayer/pgfcoreobjects.c
ode.tex
File: pgfcoreobjects.code.tex 2006/10/11  (rcs-revision 1.2)
)
(/usr/local/texlive/2014/texmf-dist/tex/generic/pgf/basiclayer/pgfcorepathproce
ssing.code.tex
File: pgfcorepathprocessing.code.tex 2013/09/09  (rcs-revision 1.9)
)
(/usr/local/texlive/2014/texmf-dist/tex/generic/pgf/basiclayer/pgfcorearrows.co
de.tex
File: pgfcorearrows.code.tex 2013/11/07  (rcs-revision 1.40)
\pgfarrowsep=\dimen162
)
(/usr/local/texlive/2014/texmf-dist/tex/generic/pgf/basiclayer/pgfcoreshade.cod
e.tex
File: pgfcoreshade.code.tex 2013/07/15  (rcs-revision 1.15)
\pgf@max=\dimen163
\pgf@sys@shading@range@num=\count115
)
(/usr/local/texlive/2014/texmf-dist/tex/generic/pgf/basiclayer/pgfcoreimage.cod
e.tex
File: pgfcoreimage.code.tex 2013/07/15  (rcs-revision 1.18)

(/usr/local/texlive/2014/texmf-dist/tex/generic/pgf/basiclayer/pgfcoreexternal.
code.tex
File: pgfcoreexternal.code.tex 2013/07/15  (rcs-revision 1.20)
\pgfexternal@startupbox=\box39
))
(/usr/local/texlive/2014/texmf-dist/tex/generic/pgf/basiclayer/pgfcorelayers.co
de.tex
File: pgfcorelayers.code.tex 2013/07/18  (rcs-revision 1.7)
)
(/usr/local/texlive/2014/texmf-dist/tex/generic/pgf/basiclayer/pgfcoretranspare
ncy.code.tex
File: pgfcoretransparency.code.tex 2013/09/30  (rcs-revision 1.5)
)
(/usr/local/texlive/2014/texmf-dist/tex/generic/pgf/basiclayer/pgfcorepatterns.
code.tex
File: pgfcorepatterns.code.tex 2013/11/07  (rcs-revision 1.5)
)))
(/usr/local/texlive/2014/texmf-dist/tex/latex/pgf/utilities/xxcolor.sty
Package: xxcolor 2003/10/24 ver 0.1
\XC@nummixins=\count116
\XC@countmixins=\count117
)
(/usr/local/texlive/2014/texmf-dist/tex/generic/oberdiek/atbegshi.sty
Package: atbegshi 2011/10/05 v1.16 At begin shipout hook (HO)
)
(/usr/local/texlive/2014/texmf-dist/tex/latex/hyperref/hyperref.sty
Package: hyperref 2012/11/06 v6.83m Hypertext links for LaTeX

(/usr/local/texlive/2014/texmf-dist/tex/generic/oberdiek/hobsub-hyperref.sty
Package: hobsub-hyperref 2012/05/28 v1.13 Bundle oberdiek, subset hyperref (HO)


(/usr/local/texlive/2014/texmf-dist/tex/generic/oberdiek/hobsub-generic.sty
Package: hobsub-generic 2012/05/28 v1.13 Bundle oberdiek, subset generic (HO)
Package: hobsub 2012/05/28 v1.13 Construct package bundles (HO)
Package hobsub Info: Skipping package `infwarerr' (already loaded).
Package hobsub Info: Skipping package `ltxcmds' (already loaded).
Package: ifluatex 2010/03/01 v1.3 Provides the ifluatex switch (HO)
Package ifluatex Info: LuaTeX not detected.
Package hobsub Info: Skipping package `ifvtex' (already loaded).
Package: intcalc 2007/09/27 v1.1 Expandable calculations with integers (HO)
Package hobsub Info: Skipping package `ifpdf' (already loaded).
Package: etexcmds 2011/02/16 v1.5 Avoid name clashes with e-TeX commands (HO)
Package etexcmds Info: Could not find \expanded.
(etexcmds)             That can mean that you are not using pdfTeX 1.50 or
(etexcmds)             that some package has redefined \expanded.
(etexcmds)             In the latter case, load this package earlier.
Package: kvsetkeys 2012/04/25 v1.16 Key value parser (HO)
Package: kvdefinekeys 2011/04/07 v1.3 Define keys (HO)
Package: pdftexcmds 2011/11/29 v0.20 Utility functions of pdfTeX for LuaTeX (HO
)
Package pdftexcmds Info: LuaTeX not detected.
Package pdftexcmds Info: \pdf@primitive is available.
Package pdftexcmds Info: \pdf@ifprimitive is available.
Package pdftexcmds Info: \pdfdraftmode found.
Package: pdfescape 2011/11/25 v1.13 Implements pdfTeX's escape features (HO)
Package: bigintcalc 2012/04/08 v1.3 Expandable calculations on big integers (HO
)
Package: bitset 2011/01/30 v1.1 Handle bit-vector datatype (HO)
Package: uniquecounter 2011/01/30 v1.2 Provide unlimited unique counter (HO)
)
Package hobsub Info: Skipping package `hobsub' (already loaded).
Package: letltxmacro 2010/09/02 v1.4 Let assignment for LaTeX macros (HO)
Package: hopatch 2012/05/28 v1.2 Wrapper for package hooks (HO)
Package: xcolor-patch 2011/01/30 xcolor patch
Package: atveryend 2011/06/30 v1.8 Hooks at the very end of document (HO)
Package atveryend Info: \enddocument detected (standard20110627).
Package hobsub Info: Skipping package `atbegshi' (already loaded).
Package: refcount 2011/10/16 v3.4 Data extraction from label references (HO)
Package: hycolor 2011/01/30 v1.7 Color options for hyperref/bookmark (HO)
)
(/usr/local/texlive/2014/texmf-dist/tex/latex/oberdiek/auxhook.sty
Package: auxhook 2011/03/04 v1.3 Hooks for auxiliary files (HO)
)
(/usr/local/texlive/2014/texmf-dist/tex/latex/oberdiek/kvoptions.sty
Package: kvoptions 2011/06/30 v3.11 Key value format for package options (HO)
)
\@linkdim=\dimen164
\Hy@linkcounter=\count118
\Hy@pagecounter=\count119

(/usr/local/texlive/2014/texmf-dist/tex/latex/hyperref/pd1enc.def
File: pd1enc.def 2012/11/06 v6.83m Hyperref: PDFDocEncoding definition (HO)
)
\Hy@SavedSpaceFactor=\count120

(/usr/local/texlive/2014/texmf-dist/tex/latex/latexconfig/hyperref.cfg
File: hyperref.cfg 2002/06/06 v1.2 hyperref configuration of TeXLive
)
Package hyperref Info: Option `bookmarks' set `true' on input line 4319.
Package hyperref Info: Option `bookmarksopen' set `true' on input line 4319.
Package hyperref Info: Option `pdfpagelabels' set `false' on input line 4319.
Package hyperref Info: Option `implicit' set `false' on input line 4319.
Package hyperref Info: Hyper figures OFF on input line 4443.
Package hyperref Info: Link nesting OFF on input line 4448.
Package hyperref Info: Hyper index ON on input line 4451.
Package hyperref Info: Plain pages OFF on input line 4458.
Package hyperref Info: Backreferencing OFF on input line 4463.
Package hyperref Info: Implicit mode OFF; no redefinition of LaTeX internals.
Package hyperref Info: Bookmarks ON on input line 4688.
\c@Hy@tempcnt=\count121

(/usr/local/texlive/2014/texmf-dist/tex/latex/url/url.sty
\Urlmuskip=\muskip10
Package: url 2013/09/16  ver 3.4  Verb mode for urls, etc.
)
LaTeX Info: Redefining \url on input line 5041.
\XeTeXLinkMargin=\dimen165
\Fld@menulength=\count122
\Field@Width=\dimen166
\Fld@charsize=\dimen167
Package hyperref Info: Hyper figures OFF on input line 6295.
Package hyperref Info: Link nesting OFF on input line 6300.
Package hyperref Info: Hyper index ON on input line 6303.
Package hyperref Info: backreferencing OFF on input line 6310.
Package hyperref Info: Link coloring OFF on input line 6315.
Package hyperref Info: Link coloring with OCG OFF on input line 6320.
Package hyperref Info: PDF/A mode OFF on input line 6325.
LaTeX Info: Redefining \ref on input line 6365.
LaTeX Info: Redefining \pageref on input line 6369.


Package hyperref Message: Stopped early.

)

Package hyperref Message: Driver (autodetected): hpdftex.

(/usr/local/texlive/2014/texmf-dist/tex/latex/hyperref/hpdftex.def
File: hpdftex.def 2012/11/06 v6.83m Hyperref driver for pdfTeX
\Fld@listcount=\count123
\c@bookmark@seq@number=\count124

(/usr/local/texlive/2014/texmf-dist/tex/latex/oberdiek/rerunfilecheck.sty
Package: rerunfilecheck 2011/04/15 v1.7 Rerun checks for auxiliary files (HO)
Package uniquecounter Info: New unique counter `rerunfilecheck' on input line 2
82.
))
(/usr/local/texlive/2014/texmf-dist/tex/latex/beamer/beamerbaserequires.sty
Package: beamerbaserequires 2010/05/01  (rcs-revision efa082c6111d)

(/usr/local/texlive/2014/texmf-dist/tex/latex/beamer/beamerbasecompatibility.st
y
Package: beamerbasecompatibility 2012/05/01  (rcs-revision 67c48b3b652d)
) (/usr/local/texlive/2014/texmf-dist/tex/latex/beamer/beamerbasefont.sty
Package: beamerbasefont 2013/10/18  (rcs-revision 72f39e01808a)

(/usr/local/texlive/2014/texmf-dist/tex/latex/amsfonts/amssymb.sty
Package: amssymb 2013/01/14 v3.01 AMS font symbols

(/usr/local/texlive/2014/texmf-dist/tex/latex/amsfonts/amsfonts.sty
Package: amsfonts 2013/01/14 v3.01 Basic AMSFonts support
\@emptytoks=\toks26
\symAMSa=\mathgroup4
\symAMSb=\mathgroup5
LaTeX Font Info:    Overwriting math alphabet `\mathfrak' in version `bold'
(Font)                  U/euf/m/n --> U/euf/b/n on input line 106.
))
(/usr/local/texlive/2014/texmf-dist/tex/latex/sansmathaccent/sansmathaccent.sty
Package: sansmathaccent 2013/03/28
(/usr/local/texlive/2014/texmf-dist/tex/latex/filehook/filehook.sty
Package: filehook 2011/10/12 v0.5d Hooks for input files
)))
(/usr/local/texlive/2014/texmf-dist/tex/latex/beamer/beamerbasetranslator.sty
Package: beamerbasetranslator 2010/06/11  (rcs-revision 85fd1cc7fc42)

(/usr/local/texlive/2014/texmf-dist/tex/latex/beamer/translator/translator.sty
Package: translator 2010/06/12 ver 1.10

(/usr/local/texlive/2014/texmf-dist/tex/latex/beamer/translator/translator-lang
uage-mappings.tex)))
(/usr/local/texlive/2014/texmf-dist/tex/latex/beamer/beamerbasemisc.sty
Package: beamerbasemisc 2013/09/03  (rcs-revision a55719c41d85)
)
(/usr/local/texlive/2014/texmf-dist/tex/latex/beamer/beamerbasetwoscreens.sty
Package: beamerbasetwoscreens 2010/05/01  (rcs-revision efa082c6111d)
)
(/usr/local/texlive/2014/texmf-dist/tex/latex/beamer/beamerbaseoverlay.sty
Package: beamerbaseoverlay 2013/12/25  (rcs-revision f6bd5e3805da)
\beamer@argscount=\count125
\beamer@lastskipcover=\skip44
\beamer@trivlistdepth=\count126
)
(/usr/local/texlive/2014/texmf-dist/tex/latex/beamer/beamerbasetitle.sty
Package: beamerbasetitle 2010/09/21  (rcs-revision f0446ed0b6ae)
)
(/usr/local/texlive/2014/texmf-dist/tex/latex/beamer/beamerbasesection.sty
Package: beamerbasesection 2013/06/07  (rcs-revision 60b9fe0f342f)
\c@lecture=\count127
\c@part=\count128
\c@section=\count129
\c@subsection=\count130
\c@subsubsection=\count131
)
(/usr/local/texlive/2014/texmf-dist/tex/latex/beamer/beamerbaseframe.sty
Package: beamerbaseframe 2013/10/02  (rcs-revision cdc8e9a3aaac)
\beamer@framebox=\box40
\beamer@frametitlebox=\box41
\beamer@zoombox=\box42
\beamer@zoomcount=\count132
\beamer@zoomframecount=\count133
\beamer@frametextheight=\dimen168
\c@subsectionslide=\count134
\beamer@frametopskip=\skip45
\beamer@framebottomskip=\skip46
\beamer@frametopskipautobreak=\skip47
\beamer@framebottomskipautobreak=\skip48
\beamer@envbody=\toks27
\framewidth=\dimen169
\c@framenumber=\count135
)
(/usr/local/texlive/2014/texmf-dist/tex/latex/beamer/beamerbaseverbatim.sty
Package: beamerbaseverbatim 2012/08/30  (rcs-revision dfdb135076b3)
\beamer@verbatimfileout=\write4
)
(/usr/local/texlive/2014/texmf-dist/tex/latex/beamer/beamerbaseframesize.sty
Package: beamerbaseframesize 2011/09/12  (rcs-revision 70f9d8411e54)
\beamer@splitbox=\box43
\beamer@autobreakcount=\count136
\beamer@autobreaklastheight=\dimen170
\beamer@frametitletoks=\toks28
\beamer@framesubtitletoks=\toks29
)
(/usr/local/texlive/2014/texmf-dist/tex/latex/beamer/beamerbaseframecomponents.
sty
Package: beamerbaseframecomponents 2013/10/18  (rcs-revision 5cf6c5555a45)
\beamer@footins=\box44
) (/usr/local/texlive/2014/texmf-dist/tex/latex/beamer/beamerbasecolor.sty
Package: beamerbasecolor 2010/06/06  (rcs-revision d1a9b48be06d)
)
(/usr/local/texlive/2014/texmf-dist/tex/latex/beamer/beamerbasenotes.sty
Package: beamerbasenotes 2012/12/19  (rcs-revision 1686da3db3c9)
\beamer@frameboxcopy=\box45
)
(/usr/local/texlive/2014/texmf-dist/tex/latex/beamer/beamerbasetoc.sty
Package: beamerbasetoc 2013/05/23  (rcs-revision 0fdf5bc43be8)
)
(/usr/local/texlive/2014/texmf-dist/tex/latex/beamer/beamerbasetemplates.sty
Package: beamerbasetemplates 2010/05/01  (rcs-revision efa082c6111d)
\beamer@sbttoks=\toks30

(/usr/local/texlive/2014/texmf-dist/tex/latex/beamer/beamerbaseauxtemplates.sty
Package: beamerbaseauxtemplates 2013/09/04  (rcs-revision 4ac715c499d0)
(/usr/local/texlive/2014/texmf-dist/tex/latex/beamer/beamerbaseboxes.sty
Package: beamerbaseboxes 2012/05/13  (rcs-revision 56972908a390)
\bmb@box=\box46
\bmb@colorbox=\box47
\bmb@boxshadow=\box48
\bmb@boxshadowball=\box49
\bmb@boxshadowballlarge=\box50
\bmb@temp=\dimen171
\bmb@dima=\dimen172
\bmb@dimb=\dimen173
\bmb@prevheight=\dimen174
)
\beamer@blockheadheight=\dimen175
))
(/usr/local/texlive/2014/texmf-dist/tex/latex/beamer/beamerbaselocalstructure.s
ty
Package: beamerbaselocalstructure 2013/09/04  (rcs-revision 4ac715c499d0)
 (/usr/local/texlive/2014/texmf-dist/tex/latex/tools/enumerate.sty
Package: enumerate 1999/03/05 v3.00 enumerate extensions (DPC)
\@enLab=\toks31
)
\c@figure=\count137
\c@table=\count138
\abovecaptionskip=\skip49
\belowcaptionskip=\skip50
)
(/usr/local/texlive/2014/texmf-dist/tex/latex/beamer/beamerbasenavigation.sty
Package: beamerbasenavigation 2013/10/05  (rcs-revision 62be157fe783)
\beamer@section@min@dim=\dimen176
)
(/usr/local/texlive/2014/texmf-dist/tex/latex/beamer/beamerbasetheorems.sty
Package: beamerbasetheorems 2010/06/06  (rcs-revision 7e7cc5e53e9d)

(/usr/local/texlive/2014/texmf-dist/tex/latex/amsmath/amsmath.sty
Package: amsmath 2013/01/14 v2.14 AMS math features
\@mathmargin=\skip51

For additional information on amsmath, use the `?' option.
(/usr/local/texlive/2014/texmf-dist/tex/latex/amsmath/amstext.sty
Package: amstext 2000/06/29 v2.01

(/usr/local/texlive/2014/texmf-dist/tex/latex/amsmath/amsgen.sty
File: amsgen.sty 1999/11/30 v2.0
\@emptytoks=\toks32
\ex@=\dimen177
))
(/usr/local/texlive/2014/texmf-dist/tex/latex/amsmath/amsbsy.sty
Package: amsbsy 1999/11/29 v1.2d
\pmbraise@=\dimen178
)
(/usr/local/texlive/2014/texmf-dist/tex/latex/amsmath/amsopn.sty
Package: amsopn 1999/12/14 v2.01 operator names
)
\inf@bad=\count139
LaTeX Info: Redefining \frac on input line 210.
\uproot@=\count140
\leftroot@=\count141
LaTeX Info: Redefining \overline on input line 306.
\classnum@=\count142
\DOTSCASE@=\count143
LaTeX Info: Redefining \ldots on input line 378.
LaTeX Info: Redefining \dots on input line 381.
LaTeX Info: Redefining \cdots on input line 466.
\Mathstrutbox@=\box51
\strutbox@=\box52
\big@size=\dimen179
LaTeX Font Info:    Redeclaring font encoding OML on input line 566.
LaTeX Font Info:    Redeclaring font encoding OMS on input line 567.
\macc@depth=\count144
\c@MaxMatrixCols=\count145
\dotsspace@=\muskip11
\c@parentequation=\count146
\dspbrk@lvl=\count147
\tag@help=\toks33
\row@=\count148
\column@=\count149
\maxfields@=\count150
\andhelp@=\toks34
\eqnshift@=\dimen180
\alignsep@=\dimen181
\tagshift@=\dimen182
\tagwidth@=\dimen183
\totwidth@=\dimen184
\lineht@=\dimen185
\@envbody=\toks35
\multlinegap=\skip52
\multlinetaggap=\skip53
\mathdisplay@stack=\toks36
LaTeX Info: Redefining \[ on input line 2665.
LaTeX Info: Redefining \] on input line 2666.
)
(/usr/local/texlive/2014/texmf-dist/tex/latex/amscls/amsthm.sty
Package: amsthm 2004/08/06 v2.20
\thm@style=\toks37
\thm@bodyfont=\toks38
\thm@headfont=\toks39
\thm@notefont=\toks40
\thm@headpunct=\toks41
\thm@preskip=\skip54
\thm@postskip=\skip55
\thm@headsep=\skip56
\dth@everypar=\toks42
)
\c@theorem=\count151
)
(/usr/local/texlive/2014/texmf-dist/tex/latex/beamer/beamerbasethemes.sty
Package: beamerbasethemes 2010/05/01  (rcs-revision efa082c6111d)
))
(/usr/local/texlive/2014/texmf-dist/tex/latex/beamer/themes/theme/beamerthemede
fault.sty
Package: beamerthemedefault 2010/06/17  (rcs-revision d02a7cf4d8ae)

(/usr/local/texlive/2014/texmf-dist/tex/latex/beamer/themes/font/beamerfontthem
edefault.sty
Package: beamerfontthemedefault 2012/12/19  (rcs-revision 1686da3db3c9)
)
(/usr/local/texlive/2014/texmf-dist/tex/latex/beamer/themes/color/beamercolorth
emedefault.sty
Package: beamercolorthemedefault 2012/12/19  (rcs-revision 1686da3db3c9)
)
(/usr/local/texlive/2014/texmf-dist/tex/latex/beamer/themes/inner/beamerinnerth
emedefault.sty
Package: beamerinnerthemedefault 2013/10/15  (rcs-revision 65cb471f9634)
\beamer@dima=\dimen186
\beamer@dimb=\dimen187
)
(/usr/local/texlive/2014/texmf-dist/tex/latex/beamer/themes/outer/beamerouterth
emedefault.sty
Package: beamerouterthemedefault 2012/12/19  (rcs-revision 1686da3db3c9)
))) (./beamerthemeHHUD.sty
Package: beamerthemeHHUD 2011/10/19 v1.0 beamer 'HHUD' theme
 (./beamerouterthemeHHUD.sty
Package: beamerouterthemeHHUD 2011/10/19 v1.0 beamer 'HHUD' outer theme
)
(/usr/local/texlive/2014/texmf-dist/tex/latex/beamer/themes/inner/beamerinnerth
emecircles.sty
Package: beamerinnerthemecircles 2010/06/17  (rcs-revision d02a7cf4d8ae)
) (./beamercolorthemeHHUD.sty
Package: beamercolorthemeHHUD 2011/10/19 v1.0 beamer 'HHUD' color theme
))
(/usr/local/texlive/2014/texmf-dist/tex/generic/babel/babel.sty
Package: babel 2014/03/24 3.9k The Babel package

(/usr/local/texlive/2014/texmf-dist/tex/generic/babel-german/ngerman.ldf
Language: ngerman 2013/12/13 v2.7 German support for babel (new orthography)

(/usr/local/texlive/2014/texmf-dist/tex/generic/babel-german/ngermanb.ldf
Language: ngermanb 2013/12/13 v2.7 German support for babel (new orthography)

(/usr/local/texlive/2014/texmf-dist/tex/generic/babel/babel.def
File: babel.def 2014/03/24 3.9k Babel common definitions
\babel@savecnt=\count152
\U@D=\dimen188
LaTeX Info: Redefining \textlatin on input line 1428.
)
\l@naustrian = a dialect from \language\l@ngerman 
\l@nswissgerman = a dialect from \language\l@ngerman 
Package babel Info: Making " an active character on input line 88.
)))
(/usr/local/texlive/2014/texmf-dist/tex/latex/base/inputenc.sty
Package: inputenc 2014/04/30 v1.2b Input encoding file
\inpenc@prehook=\toks43
\inpenc@posthook=\toks44

(/usr/local/texlive/2014/texmf-dist/tex/latex/ucs/utf8x.def
File: utf8x.def 2004/10/17 UCS: Input encoding UTF-8
))
(/usr/local/texlive/2014/texmf-dist/tex/latex/ucs/ucs.sty
Package: ucs 2013/05/11 v2.2 UCS: Unicode input support

(/usr/local/texlive/2014/texmf-dist/tex/latex/ucs/data/uni-global.def
File: uni-global.def 2013/05/13 UCS: Unicode global data
)
\uc@secondtry=\count153
\uc@combtoks=\toks45
\uc@combtoksb=\toks46
\uc@temptokena=\toks47
)
(/usr/local/texlive/2014/texmf-dist/tex/latex/psnfss/times.sty
Package: times 2005/04/12 PSNFSS-v9.2a (SPQR) 
)
(/usr/local/texlive/2014/texmf-dist/tex/latex/base/fontenc.sty
Package: fontenc 2005/09/27 v1.99g Standard LaTeX package

(/usr/local/texlive/2014/texmf-dist/tex/latex/base/t1enc.def
File: t1enc.def 2005/09/27 v1.99g Standard LaTeX file
LaTeX Font Info:    Redeclaring font encoding T1 on input line 43.
))
(/usr/local/texlive/2014/texmf-dist/tex/latex/subfigure/subfigure.sty
Package: subfigure 2002/03/15 v2.1.5 subfigure package
\subfigtopskip=\skip57
\subfigcapskip=\skip58
\subfigcaptopadj=\dimen189
\subfigbottomskip=\skip59
\subfigcapmargin=\dimen190
\subfiglabelskip=\skip60
\c@subfigure=\count154
\c@lofdepth=\count155
\c@subtable=\count156
\c@lotdepth=\count157

****************************************
* Local config file subfigure.cfg used *
****************************************
(/usr/local/texlive/2014/texmf-dist/tex/latex/subfigure/subfigure.cfg)
\subfig@top=\skip61
\subfig@bottom=\skip62
)
(/usr/local/texlive/2014/texmf-dist/tex/latex/oberdiek/grffile.sty
Package: grffile 2012/04/05 v1.16 Extended file name support for graphics (HO)
Package grffile Info: Option `multidot' is set to `true'.
Package grffile Info: Option `extendedchars' is set to `false'.
Package grffile Info: Option `space' is set to `true'.
Package grffile Info: \Gin@ii of package `graphicx' fixed on input line 486.
)
(/usr/local/texlive/2014/texmf-dist/tex/latex/beamer/multimedia/xmpmulti.sty
\@mpm@count=\count158
)
(/usr/local/texlive/2014/texmf-dist/tex/latex/tools/multicol.sty
Package: multicol 2014/04/23 v1.8e multicolumn formatting (FMi)
\c@tracingmulticols=\count159
\mult@box=\box53
\multicol@leftmargin=\dimen191
\c@unbalance=\count160
\c@collectmore=\count161
\doublecol@number=\count162
\multicoltolerance=\count163
\multicolpretolerance=\count164
\full@width=\dimen192
\page@free=\dimen193
\premulticols=\dimen194
\postmulticols=\dimen195
\multicolsep=\skip63
\multicolbaselineskip=\skip64
\partial@page=\box54
\last@line=\box55
\maxbalancingoverflow=\dimen196
\mult@rightbox=\box56
\mult@grightbox=\box57
\mult@gfirstbox=\box58
\mult@firstbox=\box59
\@tempa=\box60
\@tempa=\box61
\@tempa=\box62
\@tempa=\box63
\@tempa=\box64
\@tempa=\box65
\@tempa=\box66
\@tempa=\box67
\@tempa=\box68
\@tempa=\box69
\@tempa=\box70
\@tempa=\box71
\@tempa=\box72
\@tempa=\box73
\@tempa=\box74
\@tempa=\box75
\@tempa=\box76
\c@columnbadness=\count165
\c@finalcolumnbadness=\count166
\last@try=\dimen197
\multicolovershoot=\dimen198
\multicolundershoot=\dimen199
\mult@nat@firstbox=\box77
\colbreak@box=\box78
\mc@col@check@num=\count167
)
(./appendixnumberbeamer.sty) (./master.aux)
\openout1 = `master.aux'.

LaTeX Font Info:    Checking defaults for OML/cmm/m/it on input line 48.
LaTeX Font Info:    ... okay on input line 48.
LaTeX Font Info:    Checking defaults for T1/cmr/m/n on input line 48.
LaTeX Font Info:    ... okay on input line 48.
LaTeX Font Info:    Checking defaults for OT1/cmr/m/n on input line 48.
LaTeX Font Info:    ... okay on input line 48.
LaTeX Font Info:    Checking defaults for OMS/cmsy/m/n on input line 48.
LaTeX Font Info:    ... okay on input line 48.
LaTeX Font Info:    Checking defaults for OMX/cmex/m/n on input line 48.
LaTeX Font Info:    ... okay on input line 48.
LaTeX Font Info:    Checking defaults for U/cmr/m/n on input line 48.
LaTeX Font Info:    ... okay on input line 48.
LaTeX Font Info:    Checking defaults for PD1/pdf/m/n on input line 48.
LaTeX Font Info:    ... okay on input line 48.
LaTeX Font Info:    Try loading font information for T1+phv on input line 48.

(/usr/local/texlive/2014/texmf-dist/tex/latex/psnfss/t1phv.fd
File: t1phv.fd 2001/06/04 scalable font definitions for T1/phv.
)
*geometry* driver: auto-detecting
*geometry* detected driver: pdftex
*geometry* verbose mode - [ preamble ] result:
* driver: pdftex
* paper: custom
* layout: <same size as paper>
* layoutoffset:(h,v)=(0.0pt,0.0pt)
* modes: includehead includefoot 
* h-part:(L,W,R)=(28.45274pt, 307.28987pt, 28.45274pt)
* v-part:(T,H,B)=(0.0pt, 273.14662pt, 0.0pt)
* \paperwidth=364.19536pt
* \paperheight=273.14662pt
* \textwidth=307.28987pt
* \textheight=244.6939pt
* \oddsidemargin=-43.81725pt
* \evensidemargin=-43.81725pt
* \topmargin=-72.26999pt
* \headheight=14.22636pt
* \headsep=0.0pt
* \topskip=9.0pt
* \footskip=14.22636pt
* \marginparwidth=4.0pt
* \marginparsep=10.0pt
* \columnsep=10.0pt
* \skip\footins=8.0pt plus 4.0pt minus 2.0pt
* \hoffset=0.0pt
* \voffset=0.0pt
* \mag=1000
* \@twocolumnfalse
* \@twosidefalse
* \@mparswitchfalse
* \@reversemarginfalse
* (1in=72.27pt=25.4mm, 1cm=28.453pt)

(/usr/local/texlive/2014/texmf-dist/tex/context/base/supp-pdf.mkii
[Loading MPS to PDF converter (version 2006.09.02).]
\scratchcounter=\count168
\scratchdimen=\dimen200
\scratchbox=\box79
\nofMPsegments=\count169
\nofMParguments=\count170
\everyMPshowfont=\toks48
\MPscratchCnt=\count171
\MPscratchDim=\dimen201
\MPnumerator=\count172
\makeMPintoPDFobject=\count173
\everyMPtoPDFconversion=\toks49
) (/usr/local/texlive/2014/texmf-dist/tex/latex/oberdiek/epstopdf-base.sty
Package: epstopdf-base 2010/02/09 v2.5 Base part for package epstopdf

(/usr/local/texlive/2014/texmf-dist/tex/latex/oberdiek/grfext.sty
Package: grfext 2010/08/19 v1.1 Manage graphics extensions (HO)
)
Package grfext Info: Graphics extension search list:
(grfext)             [.png,.pdf,.jpg,.mps,.jpeg,.jbig2,.jb2,.PNG,.PDF,.JPG,.JPE
G,.JBIG2,.JB2,.eps]
(grfext)             \AppendGraphicsExtensions on input line 452.

(/usr/local/texlive/2014/texmf-dist/tex/latex/latexconfig/epstopdf-sys.cfg
File: epstopdf-sys.cfg 2010/07/13 v1.3 Configuration of (r)epstopdf for TeX Liv
e
))
ABD: EveryShipout initializing macros
\AtBeginShipoutBox=\box80
Package hyperref Info: Link coloring OFF on input line 48.

(/usr/local/texlive/2014/texmf-dist/tex/latex/hyperref/nameref.sty
Package: nameref 2012/10/27 v2.43 Cross-referencing by name of section

(/usr/local/texlive/2014/texmf-dist/tex/generic/oberdiek/gettitlestring.sty
Package: gettitlestring 2010/12/03 v1.4 Cleanup title references (HO)
)
\c@section@level=\count174
)
LaTeX Info: Redefining \ref on input line 48.
LaTeX Info: Redefining \pageref on input line 48.
LaTeX Info: Redefining \nameref on input line 48.

(./master.out) (./master.out)
\@outlinefile=\write5
\openout5 = `master.out'.

LaTeX Font Info:    Overwriting symbol font `operators' in version `normal'
(Font)                  OT1/cmr/m/n --> OT1/cmss/m/n on input line 48.
LaTeX Font Info:    Overwriting symbol font `operators' in version `bold'
(Font)                  OT1/cmr/bx/n --> OT1/cmss/bx/n on input line 48.
\symnumbers=\mathgroup6
\sympureletters=\mathgroup7
LaTeX Font Info:    Overwriting math alphabet `\mathrm' in version `normal'
(Font)                  OT1/cmss/m/n --> T1/ptm/m/n on input line 48.
LaTeX Font Info:    Redeclaring math alphabet \mathbf on input line 48.
LaTeX Font Info:    Overwriting math alphabet `\mathbf' in version `normal'
(Font)                  OT1/cmr/bx/n --> T1/phv/bx/n on input line 48.
LaTeX Font Info:    Overwriting math alphabet `\mathbf' in version `bold'
(Font)                  OT1/cmr/bx/n --> T1/phv/bx/n on input line 48.
LaTeX Font Info:    Redeclaring math alphabet \mathsf on input line 48.
LaTeX Font Info:    Overwriting math alphabet `\mathsf' in version `normal'
(Font)                  OT1/cmss/m/n --> T1/phv/m/n on input line 48.
LaTeX Font Info:    Overwriting math alphabet `\mathsf' in version `bold'
(Font)                  OT1/cmss/bx/n --> T1/phv/m/n on input line 48.
LaTeX Font Info:    Redeclaring math alphabet \mathit on input line 48.
LaTeX Font Info:    Overwriting math alphabet `\mathit' in version `normal'
(Font)                  OT1/cmr/m/it --> T1/phv/m/it on input line 48.
LaTeX Font Info:    Overwriting math alphabet `\mathit' in version `bold'
(Font)                  OT1/cmr/bx/it --> T1/phv/m/it on input line 48.
LaTeX Font Info:    Redeclaring math alphabet \mathtt on input line 48.
LaTeX Font Info:    Overwriting math alphabet `\mathtt' in version `normal'
(Font)                  OT1/cmtt/m/n --> T1/pcr/m/n on input line 48.
LaTeX Font Info:    Overwriting math alphabet `\mathtt' in version `bold'
(Font)                  OT1/cmtt/m/n --> T1/pcr/m/n on input line 48.
LaTeX Font Info:    Overwriting symbol font `numbers' in version `bold'
(Font)                  T1/phv/m/n --> T1/phv/bx/n on input line 48.
LaTeX Font Info:    Overwriting symbol font `pureletters' in version `bold'
(Font)                  T1/phv/m/it --> T1/phv/bx/it on input line 48.
LaTeX Font Info:    Overwriting math alphabet `\mathrm' in version `bold'
(Font)                  OT1/cmss/bx/n --> T1/ptm/bx/n on input line 48.
LaTeX Font Info:    Overwriting math alphabet `\mathbf' in version `bold'
(Font)                  T1/phv/bx/n --> T1/phv/bx/n on input line 48.
LaTeX Font Info:    Overwriting math alphabet `\mathsf' in version `bold'
(Font)                  T1/phv/m/n --> T1/phv/bx/n on input line 48.
LaTeX Font Info:    Overwriting math alphabet `\mathit' in version `bold'
(Font)                  T1/phv/m/it --> T1/phv/bx/it on input line 48.
LaTeX Font Info:    Overwriting math alphabet `\mathtt' in version `bold'
(Font)                  T1/pcr/m/n --> T1/pcr/bx/n on input line 48.

(/usr/local/texlive/2014/texmf-dist/tex/latex/beamer/translator/dicts/translato
r-basic-dictionary/translator-basic-dictionary-English.dict
Dictionary: translator-basic-dictionary, Language: English 
)
(/usr/local/texlive/2014/texmf-dist/tex/latex/beamer/translator/dicts/translato
r-bibliography-dictionary/translator-bibliography-dictionary-English.dict
Dictionary: translator-bibliography-dictionary, Language: English 
)
(/usr/local/texlive/2014/texmf-dist/tex/latex/beamer/translator/dicts/translato
r-environment-dictionary/translator-environment-dictionary-English.dict
Dictionary: translator-environment-dictionary, Language: English 
)
(/usr/local/texlive/2014/texmf-dist/tex/latex/beamer/translator/dicts/translato
r-months-dictionary/translator-months-dictionary-English.dict
Dictionary: translator-months-dictionary, Language: English 
)
(/usr/local/texlive/2014/texmf-dist/tex/latex/beamer/translator/dicts/translato
r-numbers-dictionary/translator-numbers-dictionary-English.dict
Dictionary: translator-numbers-dictionary, Language: English 
)
(/usr/local/texlive/2014/texmf-dist/tex/latex/beamer/translator/dicts/translato
r-theorem-dictionary/translator-theorem-dictionary-English.dict
Dictionary: translator-theorem-dictionary, Language: English 
)
LaTeX Info: Redefining \includegraphics on input line 48.

(/usr/local/texlive/2014/texmf-dist/tex/latex/ucs/ucsencs.def
File: ucsencs.def 2011/01/21 Fixes to fontencodings LGR, T3
) (./master.nav)
LaTeX Font Info:    Font shape `T1/phv/bx/n' in size <5> not available
(Font)              Font shape `T1/phv/b/n' tried instead on input line 48.

(/usr/local/texlive/2014/texmf-dist/tex/latex/ucs/data/uni-0.def
File: uni-0.def 2013/05/13 UCS: Unicode data U+0000..U+00FF
)
<fig/background.png, id=36, 1644.544pt x 1231.802pt>
File: fig/background.png Graphic file (type png)
 <use fig/background.png>
Package pdftex.def Info: fig/background.png used on input line 54.
(pdftex.def)             Requested size: 364.19536pt x 272.78287pt.

[1

{/usr/local/texlive/2014/texmf-var/fonts/map/pdftex/updmap/pdftex.map} <./fig/b
ackground.png

pdfTeX warning: pdflatex (file ./fig/background.png): large interlaced PNG migh
t cause out of memory (use non-interlaced PNG to fix this)
>] (./master.toc)
File: fig/background.png Graphic file (type png)
 <use fig/background.png>
Package pdftex.def Info: fig/background.png used on input line 61.
(pdftex.def)             Requested size: 364.19536pt x 272.78287pt.
 [2

] (./einleitung.tex (./master.toc)
File: fig/background.png Graphic file (type png)
<use fig/background.png>
Package pdftex.def Info: fig/background.png used on input line 1.
(pdftex.def)             Requested size: 364.19536pt x 272.78287pt.
 [3

]
LaTeX Font Info:    Try loading font information for OMS+phv on input line 24.

(/usr/local/texlive/2014/texmf-dist/tex/latex/psnfss/omsphv.fd
File: omsphv.fd 
)
LaTeX Font Info:    Font shape `OMS/phv/m/n' in size <8> not available
(Font)              Font shape `OMS/cmsy/m/n' tried instead on input line 24.
LaTeX Font Info:    Font shape `OMS/phv/m/n' in size <7> not available
(Font)              Font shape `OMS/cmsy/m/n' tried instead on input line 24.

<fig/background_small.png, id=64, 1644.544pt x 1231.802pt>
File: fig/background_small.png Graphic file (type png)

<use fig/background_small.png>
Package pdftex.def Info: fig/background_small.png used on input line 24.
(pdftex.def)             Requested size: 364.19536pt x 272.78287pt.
 [4

 <./fig/background_small.png

pdfTeX warning: pdflatex (file ./fig/background_small.png): large interlaced PN
G might cause out of memory (use non-interlaced PNG to fix this)
>]
LaTeX Font Info:    Try loading font information for U+msa on input line 37.
 (/usr/local/texlive/2014/texmf-dist/tex/latex/amsfonts/umsa.fd
File: umsa.fd 2013/01/14 v3.01 AMS symbols A
)
LaTeX Font Info:    Try loading font information for U+msb on input line 37.

(/usr/local/texlive/2014/texmf-dist/tex/latex/amsfonts/umsb.fd
File: umsb.fd 2013/01/14 v3.01 AMS symbols B
)
LaTeX Font Info:    Font shape `T1/phv/m/it' in size <9> not available
(Font)              Font shape `T1/phv/m/sl' tried instead on input line 37.
LaTeX Font Info:    Font shape `T1/phv/m/it' in size <6> not available
(Font)              Font shape `T1/phv/m/sl' tried instead on input line 37.
LaTeX Font Info:    Font shape `T1/phv/m/it' in size <5> not available
(Font)              Font shape `T1/phv/m/sl' tried instead on input line 37.
File: fig/background_small.png Graphic file (type png)

<use fig/background_small.png>
Package pdftex.def Info: fig/background_small.png used on input line 37.
(pdftex.def)             Requested size: 364.19536pt x 272.78287pt.
 [5

]) (./umsetzung.tex (./master.toc)
File: fig/background.png Graphic file (type png)

<use fig/background.png>
Package pdftex.def Info: fig/background.png used on input line 1.
(pdftex.def)             Requested size: 364.19536pt x 272.78287pt.
 [6

]
File: fig/background_small.png Graphic file (type png)
 <use fig/background_small.png>
Package pdftex.def Info: fig/background_small.png used on input line 14.
(pdftex.def)             Requested size: 364.19536pt x 272.78287pt.
 [7

]
Package epstopdf Info: Source file: <fig/chunkedswarmmodel1.eps>
(epstopdf)                    date: 2014-11-20 14:59:17
(epstopdf)                    size: 18798 bytes
(epstopdf)             Output file: <fig/chunkedswarmmodel1-eps-converted-to.pd
f>
(epstopdf)                    date: 2014-11-20 14:59:17
(epstopdf)                    size: 11633 bytes
(epstopdf)             Command: <repstopdf --outfile=fig/chunkedswarmmodel1-eps
-converted-to.pdf fig/chunkedswarmmodel1.eps>
(epstopdf)             \includegraphics on input line 31.
Package epstopdf Info: Output file is already uptodate.

<fig/chunkedswarmmodel1-eps-converted-to.pdf, id=103, 142.5325pt x 115.43124pt>
File: fig/chunkedswarmmodel1-eps-converted-to.pdf Graphic file (type pdf)
<use fig/chunkedswarmmodel1-eps-converted-to.pdf>
Package pdftex.def Info: fig/chunkedswarmmodel1-eps-converted-to.pdf used on in
put line 31.
(pdftex.def)             Requested size: 122.91406pt x 99.54193pt.
Package epstopdf Info: Source file: <fig/chunkedswarmmodel2.eps>
(epstopdf)                    date: 2014-11-20 14:59:17
(epstopdf)                    size: 24532 bytes
(epstopdf)             Output file: <fig/chunkedswarmmodel2-eps-converted-to.pd
f>
(epstopdf)                    date: 2014-11-20 14:59:17
(epstopdf)                    size: 14508 bytes
(epstopdf)             Command: <repstopdf --outfile=fig/chunkedswarmmodel2-eps
-converted-to.pdf fig/chunkedswarmmodel2.eps>
(epstopdf)             \includegraphics on input line 31.
Package epstopdf Info: Output file is already uptodate.

<fig/chunkedswarmmodel2-eps-converted-to.pdf, id=104, 142.5325pt x 115.43124pt>
File: fig/chunkedswarmmodel2-eps-converted-to.pdf Graphic file (type pdf)
<use fig/chunkedswarmmodel2-eps-converted-to.pdf>
Package pdftex.def Info: fig/chunkedswarmmodel2-eps-converted-to.pdf used on in
put line 31.
(pdftex.def)             Requested size: 122.91406pt x 99.54193pt.
File: fig/background_small.png Graphic file (type png)

<use fig/background_small.png>
Package pdftex.def Info: fig/background_small.png used on input line 31.
(pdftex.def)             Requested size: 364.19536pt x 272.78287pt.
 [8

 <./fig/chunkedswarmmodel1-eps-converted-to.pdf> <./fig/chunkedswarmmodel2-eps-
converted-to.pdf>]
Package epstopdf Info: Source file: <fig/chunkedswarmformula1.eps>
(epstopdf)                    date: 2014-11-20 14:59:17
(epstopdf)                    size: 45192 bytes
(epstopdf)             Output file: <fig/chunkedswarmformula1-eps-converted-to.
pdf>
(epstopdf)                    date: 2014-11-20 14:59:17
(epstopdf)                    size: 24379 bytes
(epstopdf)             Command: <repstopdf --outfile=fig/chunkedswarmformula1-e
ps-converted-to.pdf fig/chunkedswarmformula1.eps>
(epstopdf)             \includegraphics on input line 47.
Package epstopdf Info: Output file is already uptodate.

<fig/chunkedswarmformula1-eps-converted-to.pdf, id=117, 475.7775pt x 136.51pt>
File: fig/chunkedswarmformula1-eps-converted-to.pdf Graphic file (type pdf)

<use fig/chunkedswarmformula1-eps-converted-to.pdf>
Package pdftex.def Info: fig/chunkedswarmformula1-eps-converted-to.pdf used on 
input line 47.
(pdftex.def)             Requested size: 307.28987pt x 88.1722pt.
File: fig/background_small.png Graphic file (type png)

<use fig/background_small.png>
Package pdftex.def Info: fig/background_small.png used on input line 47.
(pdftex.def)             Requested size: 364.19536pt x 272.78287pt.
 [9

 <./fig/chunkedswarmformula1-eps-converted-to.pdf>]
File: fig/background_small.png Graphic file (type png)
 <use fig/background_small.png>
Package pdftex.def Info: fig/background_small.png used on input line 61.
(pdftex.def)             Requested size: 364.19536pt x 272.78287pt.
 [10

]
File: fig/background_small.png Graphic file (type png)
 <use fig/background_small.png>
Package pdftex.def Info: fig/background_small.png used on input line 72.
(pdftex.def)             Requested size: 364.19536pt x 272.78287pt.

[11

]
File: fig/background_small.png Graphic file (type png)
 <use fig/background_small.png>
Package pdftex.def Info: fig/background_small.png used on input line 82.
(pdftex.def)             Requested size: 364.19536pt x 272.78287pt.
 [12

]) (./ergebnisse.tex (./master.toc)
File: fig/background.png Graphic file (type png)

<use fig/background.png>
Package pdftex.def Info: fig/background.png used on input line 1.
(pdftex.def)             Requested size: 364.19536pt x 272.78287pt.
 [13

]
File: fig/background_small.png Graphic file (type png)
 <use fig/background_small.png>
Package pdftex.def Info: fig/background_small.png used on input line 11.
(pdftex.def)             Requested size: 364.19536pt x 272.78287pt.
 [14

]
File: fig/background_small.png Graphic file (type png)

<use fig/background_small.png>
Package pdftex.def Info: fig/background_small.png used on input line 26.
(pdftex.def)             Requested size: 364.19536pt x 272.78287pt.
 [15

]
File: fig/background_small.png Graphic file (type png)
 <use fig/background_small.png>
Package pdftex.def Info: fig/background_small.png used on input line 43.
(pdftex.def)             Requested size: 364.19536pt x 272.78287pt.
 [16

]
Package epstopdf Info: Source file: <fig/plots/scenario_1_default/plots/Generat
edMeanChunkCompletion.csv.eps>
(epstopdf)                    date: 2014-11-20 14:59:18
(epstopdf)                    size: 60575 bytes
(epstopdf)             Output file: <fig/plots/scenario_1_default/plots/Generat
edMeanChunkCompletion.csv-eps-converted-to.pdf>
(epstopdf)                    date: 2014-11-20 14:59:18
(epstopdf)                    size: 11577 bytes
(epstopdf)             Command: <repstopdf --outfile=fig/plots/scenario_1_defau
lt/plots/GeneratedMeanChunkCompletion.csv-eps-converted-to.pdf fig/plots/scenar
io_1_default/plots/GeneratedMeanChunkCompletion.csv.eps>
(epstopdf)             \includegraphics on input line 58.
Package epstopdf Info: Output file is already uptodate.

<fig/plots/scenario_1_default/plots/GeneratedMeanChunkCompletion.csv-eps-conver
ted-to.pdf, id=189, 361.35pt x 252.945pt>
File: fig/plots/scenario_1_default/plots/GeneratedMeanChunkCompletion.csv-eps-c
onverted-to.pdf Graphic file (type pdf)

<use fig/plots/scenario_1_default/plots/GeneratedMeanChunkCompletion.csv-eps-co
nverted-to.pdf>
Package pdftex.def Info: fig/plots/scenario_1_default/plots/GeneratedMeanChunkC
ompletion.csv-eps-converted-to.pdf used on input line 58.
(pdftex.def)             Requested size: 150.57372pt x 105.4025pt.
Package epstopdf Info: Source file: <fig/plots/scenario_1_default/plots/Generat
edMeanSortedChunkCompletion.csv.eps>
(epstopdf)                    date: 2014-11-20 14:59:18
(epstopdf)                    size: 22679 bytes
(epstopdf)             Output file: <fig/plots/scenario_1_default/plots/Generat
edMeanSortedChunkCompletion.csv-eps-converted-to.pdf>
(epstopdf)                    date: 2014-11-20 14:59:18
(epstopdf)                    size: 7152 bytes
(epstopdf)             Command: <repstopdf --outfile=fig/plots/scenario_1_defau
lt/plots/GeneratedMeanSortedChunkCompletion.csv-eps-converted-to.pdf fig/plots/
scenario_1_default/plots/GeneratedMeanSortedChunkCompletion.csv.eps>
(epstopdf)             \includegraphics on input line 58.
Package epstopdf Info: Output file is already uptodate.

<fig/plots/scenario_1_default/plots/GeneratedMeanSortedChunkCompletion.csv-eps-
converted-to.pdf, id=190, 361.35pt x 252.945pt>
File: fig/plots/scenario_1_default/plots/GeneratedMeanSortedChunkCompletion.csv
-eps-converted-to.pdf Graphic file (type pdf)

<use fig/plots/scenario_1_default/plots/GeneratedMeanSortedChunkCompletion.csv-
eps-converted-to.pdf>
Package pdftex.def Info: fig/plots/scenario_1_default/plots/GeneratedMeanSorted
ChunkCompletion.csv-eps-converted-to.pdf used on input line 58.
(pdftex.def)             Requested size: 150.57372pt x 105.4025pt.
File: fig/background_small.png Graphic file (type png)
 <use fig/background_small.png>
Package pdftex.def Info: fig/background_small.png used on input line 58.
(pdftex.def)             Requested size: 364.19536pt x 272.78287pt.
 [17

 <./fig/plots/scenario_1_default/plots/GeneratedMeanChunkCompletion.csv-eps-con
verted-to.pdf> <./fig/plots/scenario_1_default/plots/GeneratedMeanSortedChunkCo
mpletion.csv-eps-converted-to.pdf>]
Package epstopdf Info: Source file: <fig/plots/scenario_1_default/plots/Generat
edMeanCurrentUploadBandwidth.csv.eps>
(epstopdf)                    date: 2014-11-20 14:59:18
(epstopdf)                    size: 62697 bytes
(epstopdf)             Output file: <fig/plots/scenario_1_default/plots/Generat
edMeanCurrentUploadBandwidth.csv-eps-converted-to.pdf>
(epstopdf)                    date: 2014-11-20 14:59:18
(epstopdf)                    size: 18230 bytes
(epstopdf)             Command: <repstopdf --outfile=fig/plots/scenario_1_defau
lt/plots/GeneratedMeanCurrentUploadBandwidth.csv-eps-converted-to.pdf fig/plots
/scenario_1_default/plots/GeneratedMeanCurrentUploadBandwidth.csv.eps>
(epstopdf)             \includegraphics on input line 71.
Package epstopdf Info: Output file is already uptodate.

<fig/plots/scenario_1_default/plots/GeneratedMeanCurrentUploadBandwidth.csv-eps
-converted-to.pdf, id=209, 361.35pt x 252.945pt>
File: fig/plots/scenario_1_default/plots/GeneratedMeanCurrentUploadBandwidth.cs
v-eps-converted-to.pdf Graphic file (type pdf)

<use fig/plots/scenario_1_default/plots/GeneratedMeanCurrentUploadBandwidth.csv
-eps-converted-to.pdf>
Package pdftex.def Info: fig/plots/scenario_1_default/plots/GeneratedMeanCurren
tUploadBandwidth.csv-eps-converted-to.pdf used on input line 71.
(pdftex.def)             Requested size: 150.57372pt x 105.4025pt.
Package epstopdf Info: Source file: <fig/plots/scenario_1_default/plots/Generat
edMeanCurrentDownloadBandwidth.csv.eps>
(epstopdf)                    date: 2014-11-20 14:59:18
(epstopdf)                    size: 63371 bytes
(epstopdf)             Output file: <fig/plots/scenario_1_default/plots/Generat
edMeanCurrentDownloadBandwidth.csv-eps-converted-to.pdf>
(epstopdf)                    date: 2014-11-20 14:59:18
(epstopdf)                    size: 19577 bytes
(epstopdf)             Command: <repstopdf --outfile=fig/plots/scenario_1_defau
lt/plots/GeneratedMeanCurrentDownloadBandwidth.csv-eps-converted-to.pdf fig/plo
ts/scenario_1_default/plots/GeneratedMeanCurrentDownloadBandwidth.csv.eps>
(epstopdf)             \includegraphics on input line 71.
Package epstopdf Info: Output file is already uptodate.

<fig/plots/scenario_1_default/plots/GeneratedMeanCurrentDownloadBandwidth.csv-e
ps-converted-to.pdf, id=210, 361.35pt x 252.945pt>
File: fig/plots/scenario_1_default/plots/GeneratedMeanCurrentDownloadBandwidth.
csv-eps-converted-to.pdf Graphic file (type pdf)

<use fig/plots/scenario_1_default/plots/GeneratedMeanCurrentDownloadBandwidth.c
sv-eps-converted-to.pdf>
Package pdftex.def Info: fig/plots/scenario_1_default/plots/GeneratedMeanCurren
tDownloadBandwidth.csv-eps-converted-to.pdf used on input line 71.
(pdftex.def)             Requested size: 150.57372pt x 105.4025pt.
File: fig/background_small.png Graphic file (type png)
 <use fig/background_small.png>
Package pdftex.def Info: fig/background_small.png used on input line 71.
(pdftex.def)             Requested size: 364.19536pt x 272.78287pt.
 [18

 <./fig/plots/scenario_1_default/plots/GeneratedMeanCurrentUploadBandwidth.csv-
eps-converted-to.pdf> <./fig/plots/scenario_1_default/plots/GeneratedMeanCurren
tDownloadBandwidth.csv-eps-converted-to.pdf>]
Package epstopdf Info: Source file: <fig/plots/scenario_1_default/plots/Generat
edMeanCurrentSuperSeederUploadBandwidth.csv.eps>
(epstopdf)                    date: 2014-11-20 14:59:18
(epstopdf)                    size: 61698 bytes
(epstopdf)             Output file: <fig/plots/scenario_1_default/plots/Generat
edMeanCurrentSuperSeederUploadBandwidth.csv-eps-converted-to.pdf>
(epstopdf)                    date: 2014-11-20 14:59:18
(epstopdf)                    size: 16404 bytes
(epstopdf)             Command: <repstopdf --outfile=fig/plots/scenario_1_defau
lt/plots/GeneratedMeanCurrentSuperSeederUploadBandwidth.csv-eps-converted-to.pd
f fig/plots/scenario_1_default/plots/GeneratedMeanCurrentSuperSeederUploadBandw
idth.csv.eps>
(epstopdf)             \includegraphics on input line 79.
Package epstopdf Info: Output file is already uptodate.

<fig/plots/scenario_1_default/plots/GeneratedMeanCurrentSuperSeederUploadBandwi
dth.csv-eps-converted-to.pdf, id=229, 361.35pt x 252.945pt>
File: fig/plots/scenario_1_default/plots/GeneratedMeanCurrentSuperSeederUploadB
andwidth.csv-eps-converted-to.pdf Graphic file (type pdf)

<use fig/plots/scenario_1_default/plots/GeneratedMeanCurrentSuperSeederUploadBa
ndwidth.csv-eps-converted-to.pdf>
Package pdftex.def Info: fig/plots/scenario_1_default/plots/GeneratedMeanCurren
tSuperSeederUploadBandwidth.csv-eps-converted-to.pdf used on input line 79.
(pdftex.def)             Requested size: 150.57372pt x 105.4025pt.
File: fig/background_small.png Graphic file (type png)
 <use fig/background_small.png>
Package pdftex.def Info: fig/background_small.png used on input line 79.
(pdftex.def)             Requested size: 364.19536pt x 272.78287pt.
 [19

 <./fig/plots/scenario_1_default/plots/GeneratedMeanCurrentSuperSeederUploadBan
dwidth.csv-eps-converted-to.pdf>]
Package epstopdf Info: Source file: <fig/plots/scenario_4_peer_count_128/plots/
GeneratedMeanChunkCompletion.csv.eps>
(epstopdf)                    date: 2014-11-20 14:59:19
(epstopdf)                    size: 63287 bytes
(epstopdf)             Output file: <fig/plots/scenario_4_peer_count_128/plots/
GeneratedMeanChunkCompletion.csv-eps-converted-to.pdf>
(epstopdf)                    date: 2014-11-20 14:59:19
(epstopdf)                    size: 14557 bytes
(epstopdf)             Command: <repstopdf --outfile=fig/plots/scenario_4_peer_
count_128/plots/GeneratedMeanChunkCompletion.csv-eps-converted-to.pdf fig/plots
/scenario_4_peer_count_128/plots/GeneratedMeanChunkCompletion.csv.eps>
(epstopdf)             \includegraphics on input line 93.
Package epstopdf Info: Output file is already uptodate.

<fig/plots/scenario_4_peer_count_128/plots/GeneratedMeanChunkCompletion.csv-eps
-converted-to.pdf, id=244, 361.35pt x 252.945pt>
File: fig/plots/scenario_4_peer_count_128/plots/GeneratedMeanChunkCompletion.cs
v-eps-converted-to.pdf Graphic file (type pdf)

<use fig/plots/scenario_4_peer_count_128/plots/GeneratedMeanChunkCompletion.csv
-eps-converted-to.pdf>
Package pdftex.def Info: fig/plots/scenario_4_peer_count_128/plots/GeneratedMea
nChunkCompletion.csv-eps-converted-to.pdf used on input line 93.
(pdftex.def)             Requested size: 307.28987pt x 215.10461pt.

Overfull \vbox (8.60898pt too high) detected at line 93
 []

File: fig/background_small.png Graphic file (type png)
<use fig/background_small.png>
Package pdftex.def Info: fig/background_small.png used on input line 93.
(pdftex.def)             Requested size: 364.19536pt x 272.78287pt.
 [20

 <./fig/plots/scenario_4_peer_count_128/plots/GeneratedMeanChunkCompletion.csv-
eps-converted-to.pdf>]
Package epstopdf Info: Source file: <fig/plots/scenario_4_peer_count_128/plots/
GeneratedMeanCurrentSuperSeederUploadBandwidth.csv.eps>
(epstopdf)                    date: 2014-11-20 14:59:19
(epstopdf)                    size: 64744 bytes
(epstopdf)             Output file: <fig/plots/scenario_4_peer_count_128/plots/
GeneratedMeanCurrentSuperSeederUploadBandwidth.csv-eps-converted-to.pdf>
(epstopdf)                    date: 2014-11-20 14:59:19
(epstopdf)                    size: 18146 bytes
(epstopdf)             Command: <repstopdf --outfile=fig/plots/scenario_4_peer_
count_128/plots/GeneratedMeanCurrentSuperSeederUploadBandwidth.csv-eps-converte
d-to.pdf fig/plots/scenario_4_peer_count_128/plots/GeneratedMeanCurrentSuperSee
derUploadBandwidth.csv.eps>
(epstopdf)             \includegraphics on input line 103.
Package epstopdf Info: Output file is already uptodate.

<fig/plots/scenario_4_peer_count_128/plots/GeneratedMeanCurrentSuperSeederUploa
dBandwidth.csv-eps-converted-to.pdf, id=258, 361.35pt x 252.945pt>
File: fig/plots/scenario_4_peer_count_128/plots/GeneratedMeanCurrentSuperSeeder
UploadBandwidth.csv-eps-converted-to.pdf Graphic file (type pdf)

<use fig/plots/scenario_4_peer_count_128/plots/GeneratedMeanCurrentSuperSeederU
ploadBandwidth.csv-eps-converted-to.pdf>
Package pdftex.def Info: fig/plots/scenario_4_peer_count_128/plots/GeneratedMea
nCurrentSuperSeederUploadBandwidth.csv-eps-converted-to.pdf used on input line 
103.
(pdftex.def)             Requested size: 307.28987pt x 215.10461pt.

Overfull \vbox (8.60898pt too high) detected at line 103
 []

File: fig/background_small.png Graphic file (type png)
<use fig/background_small.png>
Package pdftex.def Info: fig/background_small.png used on input line 103.
(pdftex.def)             Requested size: 364.19536pt x 272.78287pt.
 [21

 <./fig/plots/scenario_4_peer_count_128/plots/GeneratedMeanCurrentSuperSeederUp
loadBandwidth.csv-eps-converted-to.pdf>]
Package epstopdf Info: Source file: <fig/plots/scenario_4_peer_count_128/plots/
GeneratedMeanCurrentUploadBandwidth.csv.eps>
(epstopdf)                    date: 2014-11-20 14:59:19
(epstopdf)                    size: 66373 bytes
(epstopdf)             Output file: <fig/plots/scenario_4_peer_count_128/plots/
GeneratedMeanCurrentUploadBandwidth.csv-eps-converted-to.pdf>
(epstopdf)                    date: 2014-11-20 14:59:19
(epstopdf)                    size: 21598 bytes
(epstopdf)             Command: <repstopdf --outfile=fig/plots/scenario_4_peer_
count_128/plots/GeneratedMeanCurrentUploadBandwidth.csv-eps-converted-to.pdf fi
g/plots/scenario_4_peer_count_128/plots/GeneratedMeanCurrentUploadBandwidth.csv
.eps>
(epstopdf)             \includegraphics on input line 113.
Package epstopdf Info: Output file is already uptodate.

<fig/plots/scenario_4_peer_count_128/plots/GeneratedMeanCurrentUploadBandwidth.
csv-eps-converted-to.pdf, id=272, 361.35pt x 252.945pt>
File: fig/plots/scenario_4_peer_count_128/plots/GeneratedMeanCurrentUploadBandw
idth.csv-eps-converted-to.pdf Graphic file (type pdf)

<use fig/plots/scenario_4_peer_count_128/plots/GeneratedMeanCurrentUploadBandwi
dth.csv-eps-converted-to.pdf>
Package pdftex.def Info: fig/plots/scenario_4_peer_count_128/plots/GeneratedMea
nCurrentUploadBandwidth.csv-eps-converted-to.pdf used on input line 113.
(pdftex.def)             Requested size: 307.28987pt x 215.10461pt.

Overfull \vbox (8.60898pt too high) detected at line 113
 []

File: fig/background_small.png Graphic file (type png)
<use fig/background_small.png>
Package pdftex.def Info: fig/background_small.png used on input line 113.
(pdftex.def)             Requested size: 364.19536pt x 272.78287pt.
 [22

 <./fig/plots/scenario_4_peer_count_128/plots/GeneratedMeanCurrentUploadBandwid
th.csv-eps-converted-to.pdf>]
Package epstopdf Info: Source file: <fig/plots/scenario_4_peer_count_128/plots/
GeneratedMeanCurrentDownloadBandwidth.csv.eps>
(epstopdf)                    date: 2014-11-20 14:59:19
(epstopdf)                    size: 66876 bytes
(epstopdf)             Output file: <fig/plots/scenario_4_peer_count_128/plots/
GeneratedMeanCurrentDownloadBandwidth.csv-eps-converted-to.pdf>
(epstopdf)                    date: 2014-11-20 14:59:19
(epstopdf)                    size: 23026 bytes
(epstopdf)             Command: <repstopdf --outfile=fig/plots/scenario_4_peer_
count_128/plots/GeneratedMeanCurrentDownloadBandwidth.csv-eps-converted-to.pdf 
fig/plots/scenario_4_peer_count_128/plots/GeneratedMeanCurrentDownloadBandwidth
.csv.eps>
(epstopdf)             \includegraphics on input line 123.
Package epstopdf Info: Output file is already uptodate.

<fig/plots/scenario_4_peer_count_128/plots/GeneratedMeanCurrentDownloadBandwidt
h.csv-eps-converted-to.pdf, id=287, 361.35pt x 252.945pt>
File: fig/plots/scenario_4_peer_count_128/plots/GeneratedMeanCurrentDownloadBan
dwidth.csv-eps-converted-to.pdf Graphic file (type pdf)

<use fig/plots/scenario_4_peer_count_128/plots/GeneratedMeanCurrentDownloadBand
width.csv-eps-converted-to.pdf>
Package pdftex.def Info: fig/plots/scenario_4_peer_count_128/plots/GeneratedMea
nCurrentDownloadBandwidth.csv-eps-converted-to.pdf used on input line 123.
(pdftex.def)             Requested size: 307.28987pt x 215.10461pt.

Overfull \vbox (6.81798pt too high) detected at line 123
 []

File: fig/background_small.png Graphic file (type png)
<use fig/background_small.png>
Package pdftex.def Info: fig/background_small.png used on input line 123.
(pdftex.def)             Requested size: 364.19536pt x 272.78287pt.
 [23

 <./fig/plots/scenario_4_peer_count_128/plots/GeneratedMeanCurrentDownloadBandw
idth.csv-eps-converted-to.pdf>]
Package epstopdf Info: Source file: <fig/plots/scenario_11_peer_count_192_v2/pl
ots/GeneratedMeanChunkCompletion.csv.eps>
(epstopdf)                    date: 2014-11-20 14:59:18
(epstopdf)                    size: 65270 bytes
(epstopdf)             Output file: <fig/plots/scenario_11_peer_count_192_v2/pl
ots/GeneratedMeanChunkCompletion.csv-eps-converted-to.pdf>
(epstopdf)                    date: 2014-11-20 14:59:18
(epstopdf)                    size: 18123 bytes
(epstopdf)             Command: <repstopdf --outfile=fig/plots/scenario_11_peer
_count_192_v2/plots/GeneratedMeanChunkCompletion.csv-eps-converted-to.pdf fig/p
lots/scenario_11_peer_count_192_v2/plots/GeneratedMeanChunkCompletion.csv.eps>
(epstopdf)             \includegraphics on input line 136.
Package epstopdf Info: Output file is already uptodate.

<fig/plots/scenario_11_peer_count_192_v2/plots/GeneratedMeanChunkCompletion.csv
-eps-converted-to.pdf, id=301, 361.35pt x 252.945pt>
File: fig/plots/scenario_11_peer_count_192_v2/plots/GeneratedMeanChunkCompletio
n.csv-eps-converted-to.pdf Graphic file (type pdf)

<use fig/plots/scenario_11_peer_count_192_v2/plots/GeneratedMeanChunkCompletion
.csv-eps-converted-to.pdf>
Package pdftex.def Info: fig/plots/scenario_11_peer_count_192_v2/plots/Generate
dMeanChunkCompletion.csv-eps-converted-to.pdf used on input line 136.
(pdftex.def)             Requested size: 307.28987pt x 215.10461pt.

Overfull \vbox (8.60898pt too high) detected at line 136
 []

File: fig/background_small.png Graphic file (type png)
<use fig/background_small.png>
Package pdftex.def Info: fig/background_small.png used on input line 136.
(pdftex.def)             Requested size: 364.19536pt x 272.78287pt.
 [24

 <./fig/plots/scenario_11_peer_count_192_v2/plots/GeneratedMeanChunkCompletion.
csv-eps-converted-to.pdf>]
Package epstopdf Info: Source file: <fig/plots/scenario_11_peer_count_192_v2/pl
ots/GeneratedMeanCurrentSuperSeederUploadBandwidth.csv.eps>
(epstopdf)                    date: 2014-11-20 14:59:18
(epstopdf)                    size: 67073 bytes
(epstopdf)             Output file: <fig/plots/scenario_11_peer_count_192_v2/pl
ots/GeneratedMeanCurrentSuperSeederUploadBandwidth.csv-eps-converted-to.pdf>
(epstopdf)                    date: 2014-11-20 14:59:18
(epstopdf)                    size: 19261 bytes
(epstopdf)             Command: <repstopdf --outfile=fig/plots/scenario_11_peer
_count_192_v2/plots/GeneratedMeanCurrentSuperSeederUploadBandwidth.csv-eps-conv
erted-to.pdf fig/plots/scenario_11_peer_count_192_v2/plots/GeneratedMeanCurrent
SuperSeederUploadBandwidth.csv.eps>
(epstopdf)             \includegraphics on input line 146.
Package epstopdf Info: Output file is already uptodate.

<fig/plots/scenario_11_peer_count_192_v2/plots/GeneratedMeanCurrentSuperSeederU
ploadBandwidth.csv-eps-converted-to.pdf, id=315, 361.35pt x 252.945pt>
File: fig/plots/scenario_11_peer_count_192_v2/plots/GeneratedMeanCurrentSuperSe
ederUploadBandwidth.csv-eps-converted-to.pdf Graphic file (type pdf)

<use fig/plots/scenario_11_peer_count_192_v2/plots/GeneratedMeanCurrentSuperSee
derUploadBandwidth.csv-eps-converted-to.pdf>
Package pdftex.def Info: fig/plots/scenario_11_peer_count_192_v2/plots/Generate
dMeanCurrentSuperSeederUploadBandwidth.csv-eps-converted-to.pdf used on input l
ine 146.
(pdftex.def)             Requested size: 307.28987pt x 215.10461pt.

Overfull \vbox (8.60898pt too high) detected at line 146
 []

File: fig/background_small.png Graphic file (type png)
<use fig/background_small.png>
Package pdftex.def Info: fig/background_small.png used on input line 146.
(pdftex.def)             Requested size: 364.19536pt x 272.78287pt.
 [25

 <./fig/plots/scenario_11_peer_count_192_v2/plots/GeneratedMeanCurrentSuperSeed
erUploadBandwidth.csv-eps-converted-to.pdf>]
Package epstopdf Info: Source file: <fig/plots/scenario_11_peer_count_192_v2/pl
ots/GeneratedMeanCurrentUploadBandwidth.csv.eps>
(epstopdf)                    date: 2014-11-20 14:59:18
(epstopdf)                    size: 69590 bytes
(epstopdf)             Output file: <fig/plots/scenario_11_peer_count_192_v2/pl
ots/GeneratedMeanCurrentUploadBandwidth.csv-eps-converted-to.pdf>
(epstopdf)                    date: 2014-11-20 14:59:18
(epstopdf)                    size: 24196 bytes
(epstopdf)             Command: <repstopdf --outfile=fig/plots/scenario_11_peer
_count_192_v2/plots/GeneratedMeanCurrentUploadBandwidth.csv-eps-converted-to.pd
f fig/plots/scenario_11_peer_count_192_v2/plots/GeneratedMeanCurrentUploadBandw
idth.csv.eps>
(epstopdf)             \includegraphics on input line 156.
Package epstopdf Info: Output file is already uptodate.

<fig/plots/scenario_11_peer_count_192_v2/plots/GeneratedMeanCurrentUploadBandwi
dth.csv-eps-converted-to.pdf, id=330, 361.35pt x 252.945pt>
File: fig/plots/scenario_11_peer_count_192_v2/plots/GeneratedMeanCurrentUploadB
andwidth.csv-eps-converted-to.pdf Graphic file (type pdf)

<use fig/plots/scenario_11_peer_count_192_v2/plots/GeneratedMeanCurrentUploadBa
ndwidth.csv-eps-converted-to.pdf>
Package pdftex.def Info: fig/plots/scenario_11_peer_count_192_v2/plots/Generate
dMeanCurrentUploadBandwidth.csv-eps-converted-to.pdf used on input line 156.
(pdftex.def)             Requested size: 307.28987pt x 215.10461pt.

Overfull \vbox (8.60898pt too high) detected at line 156
 []

File: fig/background_small.png Graphic file (type png)
<use fig/background_small.png>
Package pdftex.def Info: fig/background_small.png used on input line 156.
(pdftex.def)             Requested size: 364.19536pt x 272.78287pt.
 [26

 <./fig/plots/scenario_11_peer_count_192_v2/plots/GeneratedMeanCurrentUploadBan
dwidth.csv-eps-converted-to.pdf>]
Package epstopdf Info: Source file: <fig/plots/scenario_11_peer_count_192_v2/pl
ots/GeneratedMeanCurrentDownloadBandwidth.csv.eps>
(epstopdf)                    date: 2014-11-20 14:59:18
(epstopdf)                    size: 70356 bytes
(epstopdf)             Output file: <fig/plots/scenario_11_peer_count_192_v2/pl
ots/GeneratedMeanCurrentDownloadBandwidth.csv-eps-converted-to.pdf>
(epstopdf)                    date: 2014-11-20 14:59:18
(epstopdf)                    size: 25563 bytes
(epstopdf)             Command: <repstopdf --outfile=fig/plots/scenario_11_peer
_count_192_v2/plots/GeneratedMeanCurrentDownloadBandwidth.csv-eps-converted-to.
pdf fig/plots/scenario_11_peer_count_192_v2/plots/GeneratedMeanCurrentDownloadB
andwidth.csv.eps>
(epstopdf)             \includegraphics on input line 166.
Package epstopdf Info: Output file is already uptodate.

<fig/plots/scenario_11_peer_count_192_v2/plots/GeneratedMeanCurrentDownloadBand
width.csv-eps-converted-to.pdf, id=344, 361.35pt x 252.945pt>
File: fig/plots/scenario_11_peer_count_192_v2/plots/GeneratedMeanCurrentDownloa
dBandwidth.csv-eps-converted-to.pdf Graphic file (type pdf)

<use fig/plots/scenario_11_peer_count_192_v2/plots/GeneratedMeanCurrentDownload
Bandwidth.csv-eps-converted-to.pdf>
Package pdftex.def Info: fig/plots/scenario_11_peer_count_192_v2/plots/Generate
dMeanCurrentDownloadBandwidth.csv-eps-converted-to.pdf used on input line 166.
(pdftex.def)             Requested size: 307.28987pt x 215.10461pt.

Overfull \vbox (6.81798pt too high) detected at line 166
 []

File: fig/background_small.png Graphic file (type png)
<use fig/background_small.png>
Package pdftex.def Info: fig/background_small.png used on input line 166.
(pdftex.def)             Requested size: 364.19536pt x 272.78287pt.
 [27

 <./fig/plots/scenario_11_peer_count_192_v2/plots/GeneratedMeanCurrentDownloadB
andwidth.csv-eps-converted-to.pdf>]
Package epstopdf Info: Source file: <fig/plots/scenario_15_chunk_count_fac_4/pl
ots/GeneratedMeanChunkCompletion.csv.eps>
(epstopdf)                    date: 2014-11-20 14:59:18
(epstopdf)                    size: 54623 bytes
(epstopdf)             Output file: <fig/plots/scenario_15_chunk_count_fac_4/pl
ots/GeneratedMeanChunkCompletion.csv-eps-converted-to.pdf>
(epstopdf)                    date: 2014-11-20 14:59:18
(epstopdf)                    size: 12574 bytes
(epstopdf)             Command: <repstopdf --outfile=fig/plots/scenario_15_chun
k_count_fac_4/plots/GeneratedMeanChunkCompletion.csv-eps-converted-to.pdf fig/p
lots/scenario_15_chunk_count_fac_4/plots/GeneratedMeanChunkCompletion.csv.eps>
(epstopdf)             \includegraphics on input line 179.
Package epstopdf Info: Output file is already uptodate.

<fig/plots/scenario_15_chunk_count_fac_4/plots/GeneratedMeanChunkCompletion.csv
-eps-converted-to.pdf, id=358, 361.35pt x 252.945pt>
File: fig/plots/scenario_15_chunk_count_fac_4/plots/GeneratedMeanChunkCompletio
n.csv-eps-converted-to.pdf Graphic file (type pdf)

<use fig/plots/scenario_15_chunk_count_fac_4/plots/GeneratedMeanChunkCompletion
.csv-eps-converted-to.pdf>
Package pdftex.def Info: fig/plots/scenario_15_chunk_count_fac_4/plots/Generate
dMeanChunkCompletion.csv-eps-converted-to.pdf used on input line 179.
(pdftex.def)             Requested size: 307.28987pt x 215.10461pt.

Overfull \vbox (8.60898pt too high) detected at line 179
 []

File: fig/background_small.png Graphic file (type png)
<use fig/background_small.png>
Package pdftex.def Info: fig/background_small.png used on input line 179.
(pdftex.def)             Requested size: 364.19536pt x 272.78287pt.
 [28

 <./fig/plots/scenario_15_chunk_count_fac_4/plots/GeneratedMeanChunkCompletion.
csv-eps-converted-to.pdf>]
Package epstopdf Info: Source file: <fig/plots/scenario_15_chunk_count_fac_4/pl
ots/GeneratedMeanCurrentSuperSeederUploadBandwidth.csv.eps>
(epstopdf)                    date: 2014-11-20 14:59:18
(epstopdf)                    size: 55373 bytes
(epstopdf)             Output file: <fig/plots/scenario_15_chunk_count_fac_4/pl
ots/GeneratedMeanCurrentSuperSeederUploadBandwidth.csv-eps-converted-to.pdf>
(epstopdf)                    date: 2014-11-20 14:59:18
(epstopdf)                    size: 15863 bytes
(epstopdf)             Command: <repstopdf --outfile=fig/plots/scenario_15_chun
k_count_fac_4/plots/GeneratedMeanCurrentSuperSeederUploadBandwidth.csv-eps-conv
erted-to.pdf fig/plots/scenario_15_chunk_count_fac_4/plots/GeneratedMeanCurrent
SuperSeederUploadBandwidth.csv.eps>
(epstopdf)             \includegraphics on input line 189.
Package epstopdf Info: Output file is already uptodate.

<fig/plots/scenario_15_chunk_count_fac_4/plots/GeneratedMeanCurrentSuperSeederU
ploadBandwidth.csv-eps-converted-to.pdf, id=372, 361.35pt x 252.945pt>
File: fig/plots/scenario_15_chunk_count_fac_4/plots/GeneratedMeanCurrentSuperSe
ederUploadBandwidth.csv-eps-converted-to.pdf Graphic file (type pdf)

<use fig/plots/scenario_15_chunk_count_fac_4/plots/GeneratedMeanCurrentSuperSee
derUploadBandwidth.csv-eps-converted-to.pdf>
Package pdftex.def Info: fig/plots/scenario_15_chunk_count_fac_4/plots/Generate
dMeanCurrentSuperSeederUploadBandwidth.csv-eps-converted-to.pdf used on input l
ine 189.
(pdftex.def)             Requested size: 307.28987pt x 215.10461pt.

Overfull \vbox (8.60898pt too high) detected at line 189
 []

File: fig/background_small.png Graphic file (type png)
<use fig/background_small.png>
Package pdftex.def Info: fig/background_small.png used on input line 189.
(pdftex.def)             Requested size: 364.19536pt x 272.78287pt.
 [29

 <./fig/plots/scenario_15_chunk_count_fac_4/plots/GeneratedMeanCurrentSuperSeed
erUploadBandwidth.csv-eps-converted-to.pdf>]
Package epstopdf Info: Source file: <fig/plots/scenario_15_chunk_count_fac_4/pl
ots/GeneratedMeanCurrentUploadBandwidth.csv.eps>
(epstopdf)                    date: 2014-11-20 14:59:18
(epstopdf)                    size: 56754 bytes
(epstopdf)             Output file: <fig/plots/scenario_15_chunk_count_fac_4/pl
ots/GeneratedMeanCurrentUploadBandwidth.csv-eps-converted-to.pdf>
(epstopdf)                    date: 2014-11-20 14:59:18
(epstopdf)                    size: 18563 bytes
(epstopdf)             Command: <repstopdf --outfile=fig/plots/scenario_15_chun
k_count_fac_4/plots/GeneratedMeanCurrentUploadBandwidth.csv-eps-converted-to.pd
f fig/plots/scenario_15_chunk_count_fac_4/plots/GeneratedMeanCurrentUploadBandw
idth.csv.eps>
(epstopdf)             \includegraphics on input line 199.
Package epstopdf Info: Output file is already uptodate.

<fig/plots/scenario_15_chunk_count_fac_4/plots/GeneratedMeanCurrentUploadBandwi
dth.csv-eps-converted-to.pdf, id=386, 361.35pt x 252.945pt>
File: fig/plots/scenario_15_chunk_count_fac_4/plots/GeneratedMeanCurrentUploadB
andwidth.csv-eps-converted-to.pdf Graphic file (type pdf)

<use fig/plots/scenario_15_chunk_count_fac_4/plots/GeneratedMeanCurrentUploadBa
ndwidth.csv-eps-converted-to.pdf>
Package pdftex.def Info: fig/plots/scenario_15_chunk_count_fac_4/plots/Generate
dMeanCurrentUploadBandwidth.csv-eps-converted-to.pdf used on input line 199.
(pdftex.def)             Requested size: 307.28987pt x 215.10461pt.

Overfull \vbox (8.60898pt too high) detected at line 199
 []

File: fig/background_small.png Graphic file (type png)
<use fig/background_small.png>
Package pdftex.def Info: fig/background_small.png used on input line 199.
(pdftex.def)             Requested size: 364.19536pt x 272.78287pt.
 [30

 <./fig/plots/scenario_15_chunk_count_fac_4/plots/GeneratedMeanCurrentUploadBan
dwidth.csv-eps-converted-to.pdf>]
Package epstopdf Info: Source file: <fig/plots/scenario_15_chunk_count_fac_4/pl
ots/GeneratedMeanCurrentDownloadBandwidth.csv.eps>
(epstopdf)                    date: 2014-11-20 14:59:18
(epstopdf)                    size: 57608 bytes
(epstopdf)             Output file: <fig/plots/scenario_15_chunk_count_fac_4/pl
ots/GeneratedMeanCurrentDownloadBandwidth.csv-eps-converted-to.pdf>
(epstopdf)                    date: 2014-11-20 14:59:18
(epstopdf)                    size: 19709 bytes
(epstopdf)             Command: <repstopdf --outfile=fig/plots/scenario_15_chun
k_count_fac_4/plots/GeneratedMeanCurrentDownloadBandwidth.csv-eps-converted-to.
pdf fig/plots/scenario_15_chunk_count_fac_4/plots/GeneratedMeanCurrentDownloadB
andwidth.csv.eps>
(epstopdf)             \includegraphics on input line 209.
Package epstopdf Info: Output file is already uptodate.

<fig/plots/scenario_15_chunk_count_fac_4/plots/GeneratedMeanCurrentDownloadBand
width.csv-eps-converted-to.pdf, id=400, 361.35pt x 252.945pt>
File: fig/plots/scenario_15_chunk_count_fac_4/plots/GeneratedMeanCurrentDownloa
dBandwidth.csv-eps-converted-to.pdf Graphic file (type pdf)

<use fig/plots/scenario_15_chunk_count_fac_4/plots/GeneratedMeanCurrentDownload
Bandwidth.csv-eps-converted-to.pdf>
Package pdftex.def Info: fig/plots/scenario_15_chunk_count_fac_4/plots/Generate
dMeanCurrentDownloadBandwidth.csv-eps-converted-to.pdf used on input line 209.
(pdftex.def)             Requested size: 307.28987pt x 215.10461pt.

Overfull \vbox (6.81798pt too high) detected at line 209
 []

File: fig/background_small.png Graphic file (type png)
<use fig/background_small.png>
Package pdftex.def Info: fig/background_small.png used on input line 209.
(pdftex.def)             Requested size: 364.19536pt x 272.78287pt.
 [31

 <./fig/plots/scenario_15_chunk_count_fac_4/plots/GeneratedMeanCurrentDownloadB
andwidth.csv-eps-converted-to.pdf>]
File: fig/background_small.png Graphic file (type png)

<use fig/background_small.png>
Package pdftex.def Info: fig/background_small.png used on input line 227.
(pdftex.def)             Requested size: 364.19536pt x 272.78287pt.
 [32

]
Package epstopdf Info: Source file: <fig/plots/scenario_6_parts_20/plots/Genera
tedMeanChunkCompletion.csv.eps>
(epstopdf)                    date: 2014-11-20 14:59:19
(epstopdf)                    size: 53739 bytes
(epstopdf)             Output file: <fig/plots/scenario_6_parts_20/plots/Genera
tedMeanChunkCompletion.csv-eps-converted-to.pdf>
(epstopdf)                    date: 2014-11-20 14:59:19
(epstopdf)                    size: 21817 bytes
(epstopdf)             Command: <repstopdf --outfile=fig/plots/scenario_6_parts
_20/plots/GeneratedMeanChunkCompletion.csv-eps-converted-to.pdf fig/plots/scena
rio_6_parts_20/plots/GeneratedMeanChunkCompletion.csv.eps>
(epstopdf)             \includegraphics on input line 237.
Package epstopdf Info: Output file is already uptodate.

<fig/plots/scenario_6_parts_20/plots/GeneratedMeanChunkCompletion.csv-eps-conve
rted-to.pdf, id=424, 361.35pt x 252.945pt>
File: fig/plots/scenario_6_parts_20/plots/GeneratedMeanChunkCompletion.csv-eps-
converted-to.pdf Graphic file (type pdf)

<use fig/plots/scenario_6_parts_20/plots/GeneratedMeanChunkCompletion.csv-eps-c
onverted-to.pdf>
Package pdftex.def Info: fig/plots/scenario_6_parts_20/plots/GeneratedMeanChunk
Completion.csv-eps-converted-to.pdf used on input line 237.
(pdftex.def)             Requested size: 307.28987pt x 215.10461pt.

Overfull \vbox (8.60898pt too high) detected at line 237
 []

File: fig/background_small.png Graphic file (type png)
<use fig/background_small.png>
Package pdftex.def Info: fig/background_small.png used on input line 237.
(pdftex.def)             Requested size: 364.19536pt x 272.78287pt.
 [33

 <./fig/plots/scenario_6_parts_20/plots/GeneratedMeanChunkCompletion.csv-eps-co
nverted-to.pdf>]
Package epstopdf Info: Source file: <fig/plots/scenario_6_parts_20/plots/Genera
tedMeanCurrentSuperSeederUploadBandwidth.csv.eps>
(epstopdf)                    date: 2014-11-20 14:59:19
(epstopdf)                    size: 58516 bytes
(epstopdf)             Output file: <fig/plots/scenario_6_parts_20/plots/Genera
tedMeanCurrentSuperSeederUploadBandwidth.csv-eps-converted-to.pdf>
(epstopdf)                    date: 2014-11-20 14:59:19
(epstopdf)                    size: 21483 bytes
(epstopdf)             Command: <repstopdf --outfile=fig/plots/scenario_6_parts
_20/plots/GeneratedMeanCurrentSuperSeederUploadBandwidth.csv-eps-converted-to.p
df fig/plots/scenario_6_parts_20/plots/GeneratedMeanCurrentSuperSeederUploadBan
dwidth.csv.eps>
(epstopdf)             \includegraphics on input line 247.
Package epstopdf Info: Output file is already uptodate.

<fig/plots/scenario_6_parts_20/plots/GeneratedMeanCurrentSuperSeederUploadBandw
idth.csv-eps-converted-to.pdf, id=438, 361.35pt x 252.945pt>
File: fig/plots/scenario_6_parts_20/plots/GeneratedMeanCurrentSuperSeederUpload
Bandwidth.csv-eps-converted-to.pdf Graphic file (type pdf)

<use fig/plots/scenario_6_parts_20/plots/GeneratedMeanCurrentSuperSeederUploadB
andwidth.csv-eps-converted-to.pdf>
Package pdftex.def Info: fig/plots/scenario_6_parts_20/plots/GeneratedMeanCurre
ntSuperSeederUploadBandwidth.csv-eps-converted-to.pdf used on input line 247.
(pdftex.def)             Requested size: 307.28987pt x 215.10461pt.

Overfull \vbox (8.60898pt too high) detected at line 247
 []

File: fig/background_small.png Graphic file (type png)
<use fig/background_small.png>
Package pdftex.def Info: fig/background_small.png used on input line 247.
(pdftex.def)             Requested size: 364.19536pt x 272.78287pt.
 [34

 <./fig/plots/scenario_6_parts_20/plots/GeneratedMeanCurrentSuperSeederUploadBa
ndwidth.csv-eps-converted-to.pdf>]
Package epstopdf Info: Source file: <fig/plots/scenario_6_parts_20/plots/Genera
tedMeanCurrentUploadBandwidth.csv.eps>
(epstopdf)                    date: 2014-11-20 14:59:19
(epstopdf)                    size: 59022 bytes
(epstopdf)             Output file: <fig/plots/scenario_6_parts_20/plots/Genera
tedMeanCurrentUploadBandwidth.csv-eps-converted-to.pdf>
(epstopdf)                    date: 2014-11-20 14:59:19
(epstopdf)                    size: 23446 bytes
(epstopdf)             Command: <repstopdf --outfile=fig/plots/scenario_6_parts
_20/plots/GeneratedMeanCurrentUploadBandwidth.csv-eps-converted-to.pdf fig/plot
s/scenario_6_parts_20/plots/GeneratedMeanCurrentUploadBandwidth.csv.eps>
(epstopdf)             \includegraphics on input line 257.
Package epstopdf Info: Output file is already uptodate.

<fig/plots/scenario_6_parts_20/plots/GeneratedMeanCurrentUploadBandwidth.csv-ep
s-converted-to.pdf, id=452, 361.35pt x 252.945pt>
File: fig/plots/scenario_6_parts_20/plots/GeneratedMeanCurrentUploadBandwidth.c
sv-eps-converted-to.pdf Graphic file (type pdf)

<use fig/plots/scenario_6_parts_20/plots/GeneratedMeanCurrentUploadBandwidth.cs
v-eps-converted-to.pdf>
Package pdftex.def Info: fig/plots/scenario_6_parts_20/plots/GeneratedMeanCurre
ntUploadBandwidth.csv-eps-converted-to.pdf used on input line 257.
(pdftex.def)             Requested size: 307.28987pt x 215.10461pt.

Overfull \vbox (8.60898pt too high) detected at line 257
 []

File: fig/background_small.png Graphic file (type png)
<use fig/background_small.png>
Package pdftex.def Info: fig/background_small.png used on input line 257.
(pdftex.def)             Requested size: 364.19536pt x 272.78287pt.
 [35

 <./fig/plots/scenario_6_parts_20/plots/GeneratedMeanCurrentUploadBandwidth.csv
-eps-converted-to.pdf>]
Package epstopdf Info: Source file: <fig/plots/scenario_6_parts_20/plots/Genera
tedMeanCurrentDownloadBandwidth.csv.eps>
(epstopdf)                    date: 2014-11-20 14:59:19
(epstopdf)                    size: 60094 bytes
(epstopdf)             Output file: <fig/plots/scenario_6_parts_20/plots/Genera
tedMeanCurrentDownloadBandwidth.csv-eps-converted-to.pdf>
(epstopdf)                    date: 2014-11-20 14:59:19
(epstopdf)                    size: 23879 bytes
(epstopdf)             Command: <repstopdf --outfile=fig/plots/scenario_6_parts
_20/plots/GeneratedMeanCurrentDownloadBandwidth.csv-eps-converted-to.pdf fig/pl
ots/scenario_6_parts_20/plots/GeneratedMeanCurrentDownloadBandwidth.csv.eps>
(epstopdf)             \includegraphics on input line 267.
Package epstopdf Info: Output file is already uptodate.

<fig/plots/scenario_6_parts_20/plots/GeneratedMeanCurrentDownloadBandwidth.csv-
eps-converted-to.pdf, id=466, 361.35pt x 252.945pt>
File: fig/plots/scenario_6_parts_20/plots/GeneratedMeanCurrentDownloadBandwidth
.csv-eps-converted-to.pdf Graphic file (type pdf)

<use fig/plots/scenario_6_parts_20/plots/GeneratedMeanCurrentDownloadBandwidth.
csv-eps-converted-to.pdf>
Package pdftex.def Info: fig/plots/scenario_6_parts_20/plots/GeneratedMeanCurre
ntDownloadBandwidth.csv-eps-converted-to.pdf used on input line 267.
(pdftex.def)             Requested size: 307.28987pt x 215.10461pt.

Overfull \vbox (6.81798pt too high) detected at line 267
 []

File: fig/background_small.png Graphic file (type png)
<use fig/background_small.png>
Package pdftex.def Info: fig/background_small.png used on input line 267.
(pdftex.def)             Requested size: 364.19536pt x 272.78287pt.
 [36

 <./fig/plots/scenario_6_parts_20/plots/GeneratedMeanCurrentDownloadBandwidth.c
sv-eps-converted-to.pdf>]
File: fig/background_small.png Graphic file (type png)

<use fig/background_small.png>
Package pdftex.def Info: fig/background_small.png used on input line 287.
(pdftex.def)             Requested size: 364.19536pt x 272.78287pt.
 [37

]
Package epstopdf Info: Source file: <fig/plots/scenario_2_seq/plots/GeneratedMe
anChunkCompletion.csv.eps>
(epstopdf)                    date: 2014-11-20 14:59:18
(epstopdf)                    size: 51361 bytes
(epstopdf)             Output file: <fig/plots/scenario_2_seq/plots/GeneratedMe
anChunkCompletion.csv-eps-converted-to.pdf>
(epstopdf)                    date: 2014-11-20 14:59:18
(epstopdf)                    size: 6115 bytes
(epstopdf)             Command: <repstopdf --outfile=fig/plots/scenario_2_seq/p
lots/GeneratedMeanChunkCompletion.csv-eps-converted-to.pdf fig/plots/scenario_2
_seq/plots/GeneratedMeanChunkCompletion.csv.eps>
(epstopdf)             \includegraphics on input line 296.
Package epstopdf Info: Output file is already uptodate.

<fig/plots/scenario_2_seq/plots/GeneratedMeanChunkCompletion.csv-eps-converted-
to.pdf, id=489, 361.35pt x 252.945pt>
File: fig/plots/scenario_2_seq/plots/GeneratedMeanChunkCompletion.csv-eps-conve
rted-to.pdf Graphic file (type pdf)

<use fig/plots/scenario_2_seq/plots/GeneratedMeanChunkCompletion.csv-eps-conver
ted-to.pdf>
Package pdftex.def Info: fig/plots/scenario_2_seq/plots/GeneratedMeanChunkCompl
etion.csv-eps-converted-to.pdf used on input line 296.
(pdftex.def)             Requested size: 307.28987pt x 215.10461pt.

Overfull \vbox (8.60898pt too high) detected at line 296
 []

File: fig/background_small.png Graphic file (type png)
<use fig/background_small.png>
Package pdftex.def Info: fig/background_small.png used on input line 296.
(pdftex.def)             Requested size: 364.19536pt x 272.78287pt.
 [38

 <./fig/plots/scenario_2_seq/plots/GeneratedMeanChunkCompletion.csv-eps-convert
ed-to.pdf>]
Package epstopdf Info: Source file: <fig/plots/scenario_2_seq/plots/GeneratedMe
anCurrentSuperSeederUploadBandwidth.csv.eps>
(epstopdf)                    date: 2014-11-20 14:59:18
(epstopdf)                    size: 43839 bytes
(epstopdf)             Output file: <fig/plots/scenario_2_seq/plots/GeneratedMe
anCurrentSuperSeederUploadBandwidth.csv-eps-converted-to.pdf>
(epstopdf)                    date: 2014-11-20 14:59:18
(epstopdf)                    size: 12714 bytes
(epstopdf)             Command: <repstopdf --outfile=fig/plots/scenario_2_seq/p
lots/GeneratedMeanCurrentSuperSeederUploadBandwidth.csv-eps-converted-to.pdf fi
g/plots/scenario_2_seq/plots/GeneratedMeanCurrentSuperSeederUploadBandwidth.csv
.eps>
(epstopdf)             \includegraphics on input line 305.
Package epstopdf Info: Output file is already uptodate.

<fig/plots/scenario_2_seq/plots/GeneratedMeanCurrentSuperSeederUploadBandwidth.
csv-eps-converted-to.pdf, id=503, 361.35pt x 252.945pt>
File: fig/plots/scenario_2_seq/plots/GeneratedMeanCurrentSuperSeederUploadBandw
idth.csv-eps-converted-to.pdf Graphic file (type pdf)

<use fig/plots/scenario_2_seq/plots/GeneratedMeanCurrentSuperSeederUploadBandwi
dth.csv-eps-converted-to.pdf>
Package pdftex.def Info: fig/plots/scenario_2_seq/plots/GeneratedMeanCurrentSup
erSeederUploadBandwidth.csv-eps-converted-to.pdf used on input line 305.
(pdftex.def)             Requested size: 307.28987pt x 215.10461pt.

Overfull \vbox (8.60898pt too high) detected at line 305
 []

File: fig/background_small.png Graphic file (type png)
<use fig/background_small.png>
Package pdftex.def Info: fig/background_small.png used on input line 305.
(pdftex.def)             Requested size: 364.19536pt x 272.78287pt.
 [39

 <./fig/plots/scenario_2_seq/plots/GeneratedMeanCurrentSuperSeederUploadBandwid
th.csv-eps-converted-to.pdf>]
Package epstopdf Info: Source file: <fig/plots/scenario_2_seq/plots/GeneratedMe
anCurrentDownloadBandwidth.csv.eps>
(epstopdf)                    date: 2014-11-20 14:59:18
(epstopdf)                    size: 43848 bytes
(epstopdf)             Output file: <fig/plots/scenario_2_seq/plots/GeneratedMe
anCurrentDownloadBandwidth.csv-eps-converted-to.pdf>
(epstopdf)                    date: 2014-11-20 14:59:18
(epstopdf)                    size: 14829 bytes
(epstopdf)             Command: <repstopdf --outfile=fig/plots/scenario_2_seq/p
lots/GeneratedMeanCurrentDownloadBandwidth.csv-eps-converted-to.pdf fig/plots/s
cenario_2_seq/plots/GeneratedMeanCurrentDownloadBandwidth.csv.eps>
(epstopdf)             \includegraphics on input line 314.
Package epstopdf Info: Output file is already uptodate.

<fig/plots/scenario_2_seq/plots/GeneratedMeanCurrentDownloadBandwidth.csv-eps-c
onverted-to.pdf, id=517, 361.35pt x 252.945pt>
File: fig/plots/scenario_2_seq/plots/GeneratedMeanCurrentDownloadBandwidth.csv-
eps-converted-to.pdf Graphic file (type pdf)

<use fig/plots/scenario_2_seq/plots/GeneratedMeanCurrentDownloadBandwidth.csv-e
ps-converted-to.pdf>
Package pdftex.def Info: fig/plots/scenario_2_seq/plots/GeneratedMeanCurrentDow
nloadBandwidth.csv-eps-converted-to.pdf used on input line 314.
(pdftex.def)             Requested size: 307.28987pt x 215.10461pt.

Overfull \vbox (6.81798pt too high) detected at line 314
 []

File: fig/background_small.png Graphic file (type png)
<use fig/background_small.png>
Package pdftex.def Info: fig/background_small.png used on input line 314.
(pdftex.def)             Requested size: 364.19536pt x 272.78287pt.
 [40

 <./fig/plots/scenario_2_seq/plots/GeneratedMeanCurrentDownloadBandwidth.csv-ep
s-converted-to.pdf>]
File: fig/background_small.png Graphic file (type png)

<use fig/background_small.png>
Package pdftex.def Info: fig/background_small.png used on input line 330.
(pdftex.def)             Requested size: 364.19536pt x 272.78287pt.
 [41

]
File: fig/background_small.png Graphic file (type png)
 <use fig/background_small.png>
Package pdftex.def Info: fig/background_small.png used on input line 344.
(pdftex.def)             Requested size: 364.19536pt x 272.78287pt.
 [42

])
(./anhang.tex (./master.toc)
File: fig/background.png Graphic file (type png)
 <use fig/background.png>
Package pdftex.def Info: fig/background.png used on input line 1.
(pdftex.def)             Requested size: 364.19536pt x 272.78287pt.
 [43

]
File: fig/background_small.png Graphic file (type png)

<use fig/background_small.png>
Package pdftex.def Info: fig/background_small.png used on input line 18.
(pdftex.def)             Requested size: 364.19536pt x 272.78287pt.
 [44

])
\tf@nav=\write6
\openout6 = `master.nav'.

\tf@toc=\write7
\openout7 = `master.toc'.

\tf@snm=\write8
\openout8 = `master.snm'.

Package atveryend Info: Empty hook `BeforeClearDocument' on input line 74.
Package atveryend Info: Empty hook `AfterLastShipout' on input line 74.
 (./master.aux)
Package atveryend Info: Empty hook `AtVeryEndDocument' on input line 74.
Package atveryend Info: Executing hook `AtEndAfterFileList' on input line 74.
Package rerunfilecheck Info: File `master.out' has not changed.
(rerunfilecheck)             Checksum: CDEFEB4B35FC83F5D8BE6AB980DD156E;222.
Package atveryend Info: Empty hook `AtVeryVeryEnd' on input line 74.
 ) 
Here is how much of TeX's memory you used:
 18717 strings out of 493117
 357043 string characters out of 6135432
 424968 words of memory out of 5000000
 21592 multiletter control sequences out of 15000+600000
 40390 words of font info for 54 fonts, out of 8000000 for 9000
 1141 hyphenation exceptions out of 8191
 56i,13n,59p,386b,710s stack positions out of 5000i,500n,10000p,200000b,80000s
{/usr/local/texlive/2014/texmf-dist/fonts/enc/dvips/base/8r.enc}</usr/local/t
exlive/2014/texmf-dist/fonts/type1/public/amsfonts/cm/cmmi9.pfb></usr/local/tex
live/2014/texmf-dist/fonts/type1/public/amsfonts/cm/cmss9.pfb></usr/local/texli
ve/2014/texmf-dist/fonts/type1/public/amsfonts/cm/cmsy6.pfb></usr/local/texlive
/2014/texmf-dist/fonts/type1/public/amsfonts/cm/cmsy7.pfb></usr/local/texlive/2
014/texmf-dist/fonts/type1/public/amsfonts/cm/cmsy8.pfb></usr/local/texlive/201
4/texmf-dist/fonts/type1/public/amsfonts/cm/cmsy9.pfb></usr/local/texlive/2014/
texmf-dist/fonts/type1/public/amsfonts/symbols/msbm10.pfb></usr/local/texlive/2
014/texmf-dist/fonts/type1/urw/helvetic/uhvb8a.pfb></usr/local/texlive/2014/tex
mf-dist/fonts/type1/urw/helvetic/uhvr8a.pfb></usr/local/texlive/2014/texmf-dist
/fonts/type1/urw/helvetic/uhvro8a.pfb>
Output written on master.pdf (44 pages, 960049 bytes).
PDF statistics:
 619 PDF objects out of 1000 (max. 8388607)
 494 compressed objects within 5 object streams
 94 named destinations out of 1000 (max. 500000)
 228 words of extra memory for PDF output out of 10000 (max. 10000000)

